Using pre-set license
Built from '2021.3/staging' branch; Version is '2021.3.16f1 (4016570cf34f) revision 4200023'; Using compiler version '192829333'; Build Type 'Release'
OS: 'Windows 10  (10.0.19045) 64bit Professional' Language: 'ko' Physical Memory: 16272 MB
BatchMode: 1, IsHumanControllingUs: 0, StartBugReporterOnCrash: 0, Is64bit: 1, IsPro: 1

COMMAND LINE ARGUMENTS:
C:\Program Files\Unity\Hub\Editor\2021.3.16f1\Editor\Unity.exe
-adb2
-batchMode
-noUpm
-name
AssetImportWorker0
-projectPath
C:/Users/BOSS/Desktop/unity-lecture/3d unity
-logFile
Logs/AssetImportWorker0.log
-srvPort
52533
Successfully changed project path to: C:/Users/BOSS/Desktop/unity-lecture/3d unity
C:/Users/BOSS/Desktop/unity-lecture/3d unity
[UnityMemory] Configuration Parameters - Can be set up in boot.config
    "memorysetup-bucket-allocator-granularity=16"
    "memorysetup-bucket-allocator-bucket-count=8"
    "memorysetup-bucket-allocator-block-size=33554432"
    "memorysetup-bucket-allocator-block-count=8"
    "memorysetup-main-allocator-block-size=16777216"
    "memorysetup-thread-allocator-block-size=16777216"
    "memorysetup-gfx-main-allocator-block-size=16777216"
    "memorysetup-gfx-thread-allocator-block-size=16777216"
    "memorysetup-cache-allocator-block-size=4194304"
    "memorysetup-typetree-allocator-block-size=2097152"
    "memorysetup-profiler-bucket-allocator-granularity=16"
    "memorysetup-profiler-bucket-allocator-bucket-count=8"
    "memorysetup-profiler-bucket-allocator-block-size=33554432"
    "memorysetup-profiler-bucket-allocator-block-count=8"
    "memorysetup-profiler-allocator-block-size=16777216"
    "memorysetup-profiler-editor-allocator-block-size=1048576"
    "memorysetup-temp-allocator-size-main=16777216"
    "memorysetup-job-temp-allocator-block-size=2097152"
    "memorysetup-job-temp-allocator-block-size-background=1048576"
    "memorysetup-job-temp-allocator-reduction-small-platforms=262144"
    "memorysetup-temp-allocator-size-background-worker=32768"
    "memorysetup-temp-allocator-size-job-worker=262144"
    "memorysetup-temp-allocator-size-preload-manager=33554432"
    "memorysetup-temp-allocator-size-nav-mesh-worker=65536"
    "memorysetup-temp-allocator-size-audio-worker=65536"
    "memorysetup-temp-allocator-size-cloud-worker=32768"
    "memorysetup-temp-allocator-size-gi-baking-worker=262144"
    "memorysetup-temp-allocator-size-gfx=262144"
Player connection [14992] Host "[IP] 172.30.1.24 [Port] 0 [Flags] 2 [Guid] 3285568108 [EditorId] 3285568108 [Version] 1048832 [Id] WindowsEditor(7,DESKTOP-JSI12PV) [Debug] 1 [PackageName] WindowsEditor [ProjectName] Editor" joined multi-casting on [225.0.0.222:54997]...

Player connection [14992] Host "[IP] 172.30.1.24 [Port] 0 [Flags] 2 [Guid] 3285568108 [EditorId] 3285568108 [Version] 1048832 [Id] WindowsEditor(7,DESKTOP-JSI12PV) [Debug] 1 [PackageName] WindowsEditor [ProjectName] Editor" joined alternative multi-casting on [225.0.0.222:34997]...

Refreshing native plugins compatible for Editor in 116.17 ms, found 3 plugins.
Preloading 0 native plugins for Editor in 0.00 ms.
Initialize engine version: 2021.3.16f1 (4016570cf34f)
[Subsystems] Discovering subsystems at path C:/Program Files/Unity/Hub/Editor/2021.3.16f1/Editor/Data/Resources/UnitySubsystems
[Subsystems] Discovering subsystems at path C:/Users/BOSS/Desktop/unity-lecture/3d unity/Assets
GfxDevice: creating device client; threaded=0; jobified=0
Direct3D:
    Version:  Direct3D 11.0 [level 11.1]
    Renderer: NVIDIA GeForce GTX 1050 (ID=0x1c8d)
    Vendor:   NVIDIA
    VRAM:     4050 MB
    Driver:   22.21.13.8205
Initialize mono
Mono path[0] = 'C:/Program Files/Unity/Hub/Editor/2021.3.16f1/Editor/Data/Managed'
Mono path[1] = 'C:/Program Files/Unity/Hub/Editor/2021.3.16f1/Editor/Data/MonoBleedingEdge/lib/mono/unityjit-win32'
Mono config path = 'C:/Program Files/Unity/Hub/Editor/2021.3.16f1/Editor/Data/MonoBleedingEdge/etc'
Using monoOptions --debugger-agent=transport=dt_socket,embedding=1,server=y,suspend=n,address=127.0.0.1:56716
Begin MonoManager ReloadAssembly
Registering precompiled unity dll's ...
Register platform support module: C:/Program Files/Unity/Hub/Editor/2021.3.16f1/Editor/Data/PlaybackEngines/WebGLSupport/UnityEditor.WebGL.Extensions.dll
Register platform support module: C:/Program Files/Unity/Hub/Editor/2021.3.16f1/Editor/Data/PlaybackEngines/WindowsStandaloneSupport/UnityEditor.WindowsStandalone.Extensions.dll
Registered in 0.012824 seconds.
Native extension for WindowsStandalone target not found
Native extension for WebGL target not found
Refreshing native plugins compatible for Editor in 98.09 ms, found 3 plugins.
Preloading 0 native plugins for Editor in 0.00 ms.
Mono: successfully reloaded assembly
- Completed reload, in  1.177 seconds
Domain Reload Profiling:
	ReloadAssembly (1179ms)
		BeginReloadAssembly (119ms)
			ExecutionOrderSort (0ms)
			DisableScriptedObjects (0ms)
			BackupInstance (0ms)
			ReleaseScriptingObjects (0ms)
			CreateAndSetChildDomain (1ms)
		EndReloadAssembly (761ms)
			LoadAssemblies (116ms)
			RebuildTransferFunctionScriptingTraits (0ms)
			SetupTypeCache (323ms)
			ReleaseScriptCaches (0ms)
			RebuildScriptCaches (40ms)
			SetupLoadedEditorAssemblies (331ms)
				LogAssemblyErrors (0ms)
				InitializePlatformSupportModulesInManaged (12ms)
				SetLoadedEditorAssemblies (0ms)
				RefreshPlugins (98ms)
				BeforeProcessingInitializeOnLoad (1ms)
				ProcessInitializeOnLoadAttributes (153ms)
				ProcessInitializeOnLoadMethodAttributes (66ms)
				AfterProcessingInitializeOnLoad (0ms)
				EditorAssembliesLoaded (0ms)
			ExecutionOrderSort2 (0ms)
			AwakeInstancesAfterBackupRestoration (0ms)
Platform modules already initialized, skipping
Registering precompiled user dll's ...
Registered in 0.009366 seconds.
Begin MonoManager ReloadAssembly
Symbol file LoadedFromMemory doesn't match image C:\Users\BOSS\Desktop\unity-lecture\3d unity\Library\PackageCache\com.unity.visualscripting@1.7.8\Editor\VisualScripting.Core\Dependencies\YamlDotNet\Unity.VisualScripting.YamlDotNet.dll
Symbol file LoadedFromMemory doesn't match image C:\Users\BOSS\Desktop\unity-lecture\3d unity\Library\PackageCache\com.unity.visualscripting@1.7.8\Editor\VisualScripting.Core\Dependencies\DotNetZip\Unity.VisualScripting.IonicZip.dll
Native extension for WindowsStandalone target not found
Native extension for WebGL target not found
Refreshing native plugins compatible for Editor in 0.66 ms, found 3 plugins.
Preloading 0 native plugins for Editor in 0.00 ms.
Mono: successfully reloaded assembly
- Completed reload, in  1.558 seconds
Domain Reload Profiling:
	ReloadAssembly (1559ms)
		BeginReloadAssembly (158ms)
			ExecutionOrderSort (0ms)
			DisableScriptedObjects (8ms)
			BackupInstance (0ms)
			ReleaseScriptingObjects (0ms)
			CreateAndSetChildDomain (25ms)
		EndReloadAssembly (1235ms)
			LoadAssemblies (127ms)
			RebuildTransferFunctionScriptingTraits (0ms)
			SetupTypeCache (485ms)
			ReleaseScriptCaches (1ms)
			RebuildScriptCaches (65ms)
			SetupLoadedEditorAssemblies (503ms)
				LogAssemblyErrors (0ms)
				InitializePlatformSupportModulesInManaged (8ms)
				SetLoadedEditorAssemblies (1ms)
				RefreshPlugins (1ms)
				BeforeProcessingInitializeOnLoad (129ms)
				ProcessInitializeOnLoadAttributes (316ms)
				ProcessInitializeOnLoadMethodAttributes (33ms)
				AfterProcessingInitializeOnLoad (13ms)
				EditorAssembliesLoaded (0ms)
			ExecutionOrderSort2 (0ms)
			AwakeInstancesAfterBackupRestoration (21ms)
Platform modules already initialized, skipping
========================================================================
Worker process is ready to serve import requests
Launched and connected shader compiler UnityShaderCompiler.exe after 0.07 seconds
Refreshing native plugins compatible for Editor in 0.61 ms, found 3 plugins.
Preloading 0 native plugins for Editor in 0.00 ms.
Unloading 3366 Unused Serialized files (Serialized files now loaded: 0)
Unloading 27 unused Assets / (113.6 KB). Loaded Objects now: 3842.
Memory consumption went from 128.3 MB to 128.2 MB.
Total: 3.891000 ms (FindLiveObjects: 0.307800 ms CreateObjectMapping: 0.235000 ms MarkObjects: 3.128500 ms  DeleteObjects: 0.218000 ms)

AssetImportParameters requested are different than current active one (requested -> active):
  custom:video-decoder-ogg-theora: a1e56fd34408186e4bbccfd4996cb3dc -> 
  custom:container-muxer-webm: aa71ff27fc2769a1b78a27578f13a17b -> 
  custom:container-demuxer-webm: 4f35f7cbe854078d1ac9338744f61a02 -> 
  custom:video-encoder-webm-vp8: eb34c28f22e8b96e1ab97ce403110664 -> 
  custom:audio-encoder-webm-vorbis: bf7c407c2cedff20999df2af8eb42d56 -> 
  custom:framework-win-MediaFoundation: 216162199b28c13a410421893ffa2e32 -> 
  custom:container-demuxer-ogg: 62fdf1f143b41e24485cea50d1cbac27 -> 
  custom:video-decoder-webm-vp8: 9c59270c3fd7afecdb556c50c9e8de78 -> 
  custom:audio-decoder-ogg-vorbis: bf7c407c2cedff20999df2af8eb42d56 -> 
========================================================================
Received Import Request.
  Time since last request: 1200415.634278 seconds.
  path: Assets/AnimatorBlender
  artifactKey: Guid(eba0cedfbb7240b40b42c1c94fb5b498) Importer(815301076,1909f56bfc062723c751e8b465ee728b)
Start importing Assets/AnimatorBlender using Guid(eba0cedfbb7240b40b42c1c94fb5b498) Importer(815301076,1909f56bfc062723c751e8b465ee728b)  -> (artifact id: '5a514542cf69199deafa67d427b079a8') in 0.012750 seconds 
========================================================================
Received Import Request.
  Time since last request: 0.873856 seconds.
  path: Assets/Blend
  artifactKey: Guid(eba0cedfbb7240b40b42c1c94fb5b498) Importer(815301076,1909f56bfc062723c751e8b465ee728b)
Start importing Assets/Blend using Guid(eba0cedfbb7240b40b42c1c94fb5b498) Importer(815301076,1909f56bfc062723c751e8b465ee728b)  -> (artifact id: 'd5370247ab743050a4418d0429b8999a') in 0.011457 seconds 
========================================================================
Received Import Request.
  Time since last request: 14.813985 seconds.
  path: Assets/Blend/Prefab
  artifactKey: Guid(d00c4d1e9af357548a8babecb246020a) Importer(815301076,1909f56bfc062723c751e8b465ee728b)
Start importing Assets/Blend/Prefab using Guid(d00c4d1e9af357548a8babecb246020a) Importer(815301076,1909f56bfc062723c751e8b465ee728b)  -> (artifact id: '18c786b43df90d1253a6be0ed75c093a') in 0.010433 seconds 
========================================================================
Received Import Request.
  Time since last request: 8.913423 seconds.
  path: Assets/Blend/Model
  artifactKey: Guid(64e9e44b433de4d428ad031fdec6fd2f) Importer(815301076,1909f56bfc062723c751e8b465ee728b)
Start importing Assets/Blend/Model using Guid(64e9e44b433de4d428ad031fdec6fd2f) Importer(815301076,1909f56bfc062723c751e8b465ee728b)  -> (artifact id: '1ca2d942ad140252a21bbd2bae9a568d') in 0.008929 seconds 
========================================================================
Received Import Request.
  Time since last request: 6.985604 seconds.
  path: Assets/Blend/Texture
  artifactKey: Guid(58d44f96c2212bf4a8baf39fb3c5f287) Importer(815301076,1909f56bfc062723c751e8b465ee728b)
Start importing Assets/Blend/Texture using Guid(58d44f96c2212bf4a8baf39fb3c5f287) Importer(815301076,1909f56bfc062723c751e8b465ee728b)  -> (artifact id: '76f33181c55d06c07efc0c13afbe29fe') in 0.009098 seconds 
========================================================================
Received Import Request.
  Time since last request: 7.082909 seconds.
  path: Assets/Blend/Scene
  artifactKey: Guid(55f732fa4689fa74398ab61f80e856d0) Importer(815301076,1909f56bfc062723c751e8b465ee728b)
Start importing Assets/Blend/Scene using Guid(55f732fa4689fa74398ab61f80e856d0) Importer(815301076,1909f56bfc062723c751e8b465ee728b)  -> (artifact id: '4d848f3696f078902c5a472e8a48669a') in 0.012196 seconds 
========================================================================
Received Import Request.
  Time since last request: 4.981083 seconds.
  path: Assets/Blend/Script
  artifactKey: Guid(47415cca264a2e34cb9d63d4b405c16b) Importer(815301076,1909f56bfc062723c751e8b465ee728b)
Start importing Assets/Blend/Script using Guid(47415cca264a2e34cb9d63d4b405c16b) Importer(815301076,1909f56bfc062723c751e8b465ee728b)  -> (artifact id: 'a3b40c03a817723253e8309791d24b1d') in 0.012515 seconds 
========================================================================
Received Import Request.
  Time since last request: 449.600775 seconds.
  path: Assets/Blend/Scene/AnimationBlend.unity
  artifactKey: Guid(47af7c334059b1f4d8d20502ebc92bc8) Importer(815301076,1909f56bfc062723c751e8b465ee728b)
Start importing Assets/Blend/Scene/AnimationBlend.unity using Guid(47af7c334059b1f4d8d20502ebc92bc8) Importer(815301076,1909f56bfc062723c751e8b465ee728b)  -> (artifact id: '710fdcd23272544a9d4367ce723ee366') in 0.008856 seconds 
========================================================================
Received Import Request.
  Time since last request: 34.927996 seconds.
  path: Assets/Blend/Animation
  artifactKey: Guid(c4ca83a657900074292e97d8f46d88ee) Importer(815301076,1909f56bfc062723c751e8b465ee728b)
Start importing Assets/Blend/Animation using Guid(c4ca83a657900074292e97d8f46d88ee) Importer(815301076,1909f56bfc062723c751e8b465ee728b)  -> (artifact id: 'd5866c0781a9520c2ac352189604f623') in 0.008512 seconds 
========================================================================
Received Import Request.
  Time since last request: 4.979165 seconds.
  path: Assets/Blend/Animator
  artifactKey: Guid(95a371a02497fe44b8bb3bb903c4703e) Importer(815301076,1909f56bfc062723c751e8b465ee728b)
Start importing Assets/Blend/Animator using Guid(95a371a02497fe44b8bb3bb903c4703e) Importer(815301076,1909f56bfc062723c751e8b465ee728b)  -> (artifact id: '725edaee30dd950e58628de13506c898') in 0.008414 seconds 
========================================================================
Received Import Request.
  Time since last request: 314.573017 seconds.
  path: Assets/Blend/Model/Ch25_nonPBR.fbx
  artifactKey: Guid(c222e26735034a84783d5d1258fe957e) Importer(815301076,1909f56bfc062723c751e8b465ee728b)
Start importing Assets/Blend/Model/Ch25_nonPBR.fbx using Guid(c222e26735034a84783d5d1258fe957e) Importer(815301076,1909f56bfc062723c751e8b465ee728b)  -> (artifact id: 'eb4f41e74946213176fa524ccd7eecc7') in 0.679929 seconds 
========================================================================
Received Import Request.
  Time since last request: 125.256974 seconds.
  path: Assets/Instantiate & Destroy/texture/Materials/Tile Texture.mat
  artifactKey: Guid(0502b16eaa621d648aaacadab05aa353) Importer(815301076,1909f56bfc062723c751e8b465ee728b)
Start importing Assets/Instantiate & Destroy/texture/Materials/Tile Texture.mat using Guid(0502b16eaa621d648aaacadab05aa353) Importer(815301076,1909f56bfc062723c751e8b465ee728b)  -> (artifact id: 'cb3ffd65cc88635d91f8557ae1d759bc') in 0.065276 seconds 
========================================================================
Received Import Request.
  Time since last request: 31.592290 seconds.
  path: Assets/Blend/Model/Ch25_nonPBR.fbx
  artifactKey: Guid(c222e26735034a84783d5d1258fe957e) Importer(815301076,1909f56bfc062723c751e8b465ee728b)
Start importing Assets/Blend/Model/Ch25_nonPBR.fbx using Guid(c222e26735034a84783d5d1258fe957e) Importer(815301076,1909f56bfc062723c751e8b465ee728b)  -> (artifact id: 'ff9f4392c51767b3cf658759b44faa43') in 0.095965 seconds 
========================================================================
Received Import Request.
  Time since last request: 2.789908 seconds.
  path: Assets/Blend/Model/Ch25_nonPBR.fbx
  artifactKey: Guid(c222e26735034a84783d5d1258fe957e) Importer(815301076,1909f56bfc062723c751e8b465ee728b)
Start importing Assets/Blend/Model/Ch25_nonPBR.fbx using Guid(c222e26735034a84783d5d1258fe957e) Importer(815301076,1909f56bfc062723c751e8b465ee728b)  -> (artifact id: '7912345d14bc354efd729a136d0aeab8') in 0.100192 seconds 
========================================================================
Received Import Request.
  Time since last request: 175.860656 seconds.
  path: Assets/Blend/Animator/Animator Controller.controller
  artifactKey: Guid(c5e7e19e8e7013d4cb6fc6985f373548) Importer(815301076,1909f56bfc062723c751e8b465ee728b)
Start importing Assets/Blend/Animator/Animator Controller.controller using Guid(c5e7e19e8e7013d4cb6fc6985f373548) Importer(815301076,1909f56bfc062723c751e8b465ee728b)  -> (artifact id: '3c9e6fb81709df1f68a4b8d3afe03801') in 0.018086 seconds 
========================================================================
Received Import Request.
  Time since last request: 23.423132 seconds.
  path: Assets/Blend/Script/Motion.cs
  artifactKey: Guid(43d320c59539402448f984760f8a5c49) Importer(815301076,1909f56bfc062723c751e8b465ee728b)
Start importing Assets/Blend/Script/Motion.cs using Guid(43d320c59539402448f984760f8a5c49) Importer(815301076,1909f56bfc062723c751e8b465ee728b)  -> (artifact id: '940ad42850ac45db1aecf00471a26656') in 0.015688 seconds 
========================================================================
Received Prepare
Registering precompiled user dll's ...
Registered in 0.009007 seconds.
Begin MonoManager ReloadAssembly
Symbol file LoadedFromMemory doesn't match image C:\Users\BOSS\Desktop\unity-lecture\3d unity\Library\PackageCache\com.unity.visualscripting@1.7.8\Editor\VisualScripting.Core\Dependencies\YamlDotNet\Unity.VisualScripting.YamlDotNet.dll
Symbol file LoadedFromMemory doesn't match image C:\Users\BOSS\Desktop\unity-lecture\3d unity\Library\PackageCache\com.unity.visualscripting@1.7.8\Editor\VisualScripting.Core\Dependencies\DotNetZip\Unity.VisualScripting.IonicZip.dll
Native extension for WindowsStandalone target not found
Native extension for WebGL target not found
Refreshing native plugins compatible for Editor in 0.78 ms, found 3 plugins.
Preloading 0 native plugins for Editor in 0.00 ms.
Mono: successfully reloaded assembly
- Completed reload, in  1.456 seconds
Domain Reload Profiling:
	ReloadAssembly (1457ms)
		BeginReloadAssembly (206ms)
			ExecutionOrderSort (0ms)
			DisableScriptedObjects (5ms)
			BackupInstance (0ms)
			ReleaseScriptingObjects (0ms)
			CreateAndSetChildDomain (51ms)
		EndReloadAssembly (1013ms)
			LoadAssemblies (147ms)
			RebuildTransferFunctionScriptingTraits (0ms)
			SetupTypeCache (337ms)
			ReleaseScriptCaches (1ms)
			RebuildScriptCaches (49ms)
			SetupLoadedEditorAssemblies (452ms)
				LogAssemblyErrors (0ms)
				InitializePlatformSupportModulesInManaged (18ms)
				SetLoadedEditorAssemblies (1ms)
				RefreshPlugins (1ms)
				BeforeProcessingInitializeOnLoad (89ms)
				ProcessInitializeOnLoadAttributes (302ms)
				ProcessInitializeOnLoadMethodAttributes (30ms)
				AfterProcessingInitializeOnLoad (12ms)
				EditorAssembliesLoaded (0ms)
			ExecutionOrderSort2 (0ms)
			AwakeInstancesAfterBackupRestoration (18ms)
Platform modules already initialized, skipping
Refreshing native plugins compatible for Editor in 2.16 ms, found 3 plugins.
Preloading 0 native plugins for Editor in 0.00 ms.
Unloading 3362 Unused Serialized files (Serialized files now loaded: 0)
Unloading 20 unused Assets / (80.5 KB). Loaded Objects now: 3891.
Memory consumption went from 145.6 MB to 145.5 MB.
Total: 3.304000 ms (FindLiveObjects: 0.336800 ms CreateObjectMapping: 0.217700 ms MarkObjects: 2.649800 ms  DeleteObjects: 0.098500 ms)

AssetImportParameters requested are different than current active one (requested -> active):
  custom:video-decoder-ogg-theora: a1e56fd34408186e4bbccfd4996cb3dc -> 
  custom:container-muxer-webm: aa71ff27fc2769a1b78a27578f13a17b -> 
  custom:container-demuxer-webm: 4f35f7cbe854078d1ac9338744f61a02 -> 
  custom:video-encoder-webm-vp8: eb34c28f22e8b96e1ab97ce403110664 -> 
  custom:audio-encoder-webm-vorbis: bf7c407c2cedff20999df2af8eb42d56 -> 
  custom:framework-win-MediaFoundation: 216162199b28c13a410421893ffa2e32 -> 
  custom:container-demuxer-ogg: 62fdf1f143b41e24485cea50d1cbac27 -> 
  custom:video-decoder-webm-vp8: 9c59270c3fd7afecdb556c50c9e8de78 -> 
  custom:audio-decoder-ogg-vorbis: bf7c407c2cedff20999df2af8eb42d56 -> 
========================================================================
Received Import Request.
  Time since last request: 82.378276 seconds.
  path: Assets/Blend/Animator/BlendAnimator Controller.controller
  artifactKey: Guid(c5e7e19e8e7013d4cb6fc6985f373548) Importer(815301076,1909f56bfc062723c751e8b465ee728b)
Start importing Assets/Blend/Animator/BlendAnimator Controller.controller using Guid(c5e7e19e8e7013d4cb6fc6985f373548) Importer(815301076,1909f56bfc062723c751e8b465ee728b)  -> (artifact id: '1cd18f08c2c61566cdd527f5f8dc8fe3') in 0.032233 seconds 
========================================================================
Received Import Request.
  Time since last request: 258.455007 seconds.
  path: Assets/Blend/Script/Motion.cs
  artifactKey: Guid(43d320c59539402448f984760f8a5c49) Importer(815301076,1909f56bfc062723c751e8b465ee728b)
Start importing Assets/Blend/Script/Motion.cs using Guid(43d320c59539402448f984760f8a5c49) Importer(815301076,1909f56bfc062723c751e8b465ee728b)  -> (artifact id: 'f5f18e50a78d4b48ce57d602f075647d') in 0.003708 seconds 
========================================================================
Received Prepare
Registering precompiled user dll's ...
Registered in 0.065439 seconds.
Begin MonoManager ReloadAssembly
Symbol file LoadedFromMemory doesn't match image C:\Users\BOSS\Desktop\unity-lecture\3d unity\Library\PackageCache\com.unity.visualscripting@1.7.8\Editor\VisualScripting.Core\Dependencies\YamlDotNet\Unity.VisualScripting.YamlDotNet.dll
Symbol file LoadedFromMemory doesn't match image C:\Users\BOSS\Desktop\unity-lecture\3d unity\Library\PackageCache\com.unity.visualscripting@1.7.8\Editor\VisualScripting.Core\Dependencies\DotNetZip\Unity.VisualScripting.IonicZip.dll
Native extension for WindowsStandalone target not found
Native extension for WebGL target not found
Refreshing native plugins compatible for Editor in 0.63 ms, found 3 plugins.
Preloading 0 native plugins for Editor in 0.00 ms.
Mono: successfully reloaded assembly
- Completed reload, in  1.803 seconds
Domain Reload Profiling:
	ReloadAssembly (1805ms)
		BeginReloadAssembly (261ms)
			ExecutionOrderSort (0ms)
			DisableScriptedObjects (11ms)
			BackupInstance (0ms)
			ReleaseScriptingObjects (0ms)
			CreateAndSetChildDomain (68ms)
		EndReloadAssembly (1371ms)
			LoadAssemblies (161ms)
			RebuildTransferFunctionScriptingTraits (0ms)
			SetupTypeCache (661ms)
			ReleaseScriptCaches (1ms)
			RebuildScriptCaches (53ms)
			SetupLoadedEditorAssemblies (464ms)
				LogAssemblyErrors (0ms)
				InitializePlatformSupportModulesInManaged (20ms)
				SetLoadedEditorAssemblies (1ms)
				RefreshPlugins (1ms)
				BeforeProcessingInitializeOnLoad (106ms)
				ProcessInitializeOnLoadAttributes (277ms)
				ProcessInitializeOnLoadMethodAttributes (40ms)
				AfterProcessingInitializeOnLoad (19ms)
				EditorAssembliesLoaded (0ms)
			ExecutionOrderSort2 (0ms)
			AwakeInstancesAfterBackupRestoration (18ms)
Platform modules already initialized, skipping
Refreshing native plugins compatible for Editor in 2.69 ms, found 3 plugins.
Preloading 0 native plugins for Editor in 0.00 ms.
Unloading 3362 Unused Serialized files (Serialized files now loaded: 0)
Unloading 20 unused Assets / (80.4 KB). Loaded Objects now: 3894.
Memory consumption went from 145.7 MB to 145.6 MB.
Total: 3.338300 ms (FindLiveObjects: 0.310300 ms CreateObjectMapping: 0.320300 ms MarkObjects: 2.604500 ms  DeleteObjects: 0.102200 ms)

AssetImportParameters requested are different than current active one (requested -> active):
  custom:video-decoder-ogg-theora: a1e56fd34408186e4bbccfd4996cb3dc -> 
  custom:container-muxer-webm: aa71ff27fc2769a1b78a27578f13a17b -> 
  custom:container-demuxer-webm: 4f35f7cbe854078d1ac9338744f61a02 -> 
  custom:video-encoder-webm-vp8: eb34c28f22e8b96e1ab97ce403110664 -> 
  custom:audio-encoder-webm-vorbis: bf7c407c2cedff20999df2af8eb42d56 -> 
  custom:framework-win-MediaFoundation: 216162199b28c13a410421893ffa2e32 -> 
  custom:container-demuxer-ogg: 62fdf1f143b41e24485cea50d1cbac27 -> 
  custom:video-decoder-webm-vp8: 9c59270c3fd7afecdb556c50c9e8de78 -> 
  custom:audio-decoder-ogg-vorbis: bf7c407c2cedff20999df2af8eb42d56 -> 
========================================================================
Received Prepare
Registering precompiled user dll's ...
Registered in 0.015685 seconds.
Begin MonoManager ReloadAssembly
Symbol file LoadedFromMemory doesn't match image C:\Users\BOSS\Desktop\unity-lecture\3d unity\Library\PackageCache\com.unity.visualscripting@1.7.8\Editor\VisualScripting.Core\Dependencies\YamlDotNet\Unity.VisualScripting.YamlDotNet.dll
Symbol file LoadedFromMemory doesn't match image C:\Users\BOSS\Desktop\unity-lecture\3d unity\Library\PackageCache\com.unity.visualscripting@1.7.8\Editor\VisualScripting.Core\Dependencies\DotNetZip\Unity.VisualScripting.IonicZip.dll
Native extension for WindowsStandalone target not found
Native extension for WebGL target not found
Refreshing native plugins compatible for Editor in 1.30 ms, found 3 plugins.
Preloading 0 native plugins for Editor in 0.00 ms.
Mono: successfully reloaded assembly
- Completed reload, in  1.848 seconds
Domain Reload Profiling:
	ReloadAssembly (1850ms)
		BeginReloadAssembly (266ms)
			ExecutionOrderSort (0ms)
			DisableScriptedObjects (9ms)
			BackupInstance (0ms)
			ReleaseScriptingObjects (0ms)
			CreateAndSetChildDomain (65ms)
		EndReloadAssembly (1361ms)
			LoadAssemblies (197ms)
			RebuildTransferFunctionScriptingTraits (0ms)
			SetupTypeCache (444ms)
			ReleaseScriptCaches (3ms)
			RebuildScriptCaches (65ms)
			SetupLoadedEditorAssemblies (596ms)
				LogAssemblyErrors (0ms)
				InitializePlatformSupportModulesInManaged (29ms)
				SetLoadedEditorAssemblies (1ms)
				RefreshPlugins (1ms)
				BeforeProcessingInitializeOnLoad (116ms)
				ProcessInitializeOnLoadAttributes (375ms)
				ProcessInitializeOnLoadMethodAttributes (43ms)
				AfterProcessingInitializeOnLoad (31ms)
				EditorAssembliesLoaded (0ms)
			ExecutionOrderSort2 (0ms)
			AwakeInstancesAfterBackupRestoration (22ms)
Platform modules already initialized, skipping
Refreshing native plugins compatible for Editor in 7.57 ms, found 3 plugins.
Preloading 0 native plugins for Editor in 0.00 ms.
Unloading 3362 Unused Serialized files (Serialized files now loaded: 0)
Unloading 20 unused Assets / (80.3 KB). Loaded Objects now: 3897.
Memory consumption went from 145.7 MB to 145.7 MB.
Total: 5.843600 ms (FindLiveObjects: 0.390300 ms CreateObjectMapping: 0.358000 ms MarkObjects: 4.983100 ms  DeleteObjects: 0.110700 ms)

AssetImportParameters requested are different than current active one (requested -> active):
  custom:video-decoder-ogg-theora: a1e56fd34408186e4bbccfd4996cb3dc -> 
  custom:container-muxer-webm: aa71ff27fc2769a1b78a27578f13a17b -> 
  custom:container-demuxer-webm: 4f35f7cbe854078d1ac9338744f61a02 -> 
  custom:video-encoder-webm-vp8: eb34c28f22e8b96e1ab97ce403110664 -> 
  custom:audio-encoder-webm-vorbis: bf7c407c2cedff20999df2af8eb42d56 -> 
  custom:framework-win-MediaFoundation: 216162199b28c13a410421893ffa2e32 -> 
  custom:container-demuxer-ogg: 62fdf1f143b41e24485cea50d1cbac27 -> 
  custom:video-decoder-webm-vp8: 9c59270c3fd7afecdb556c50c9e8de78 -> 
  custom:audio-decoder-ogg-vorbis: bf7c407c2cedff20999df2af8eb42d56 -> 
========================================================================
Received Prepare
Registering precompiled user dll's ...
Registered in 0.013738 seconds.
Begin MonoManager ReloadAssembly
Symbol file LoadedFromMemory doesn't match image C:\Users\BOSS\Desktop\unity-lecture\3d unity\Library\PackageCache\com.unity.visualscripting@1.7.8\Editor\VisualScripting.Core\Dependencies\YamlDotNet\Unity.VisualScripting.YamlDotNet.dll
Symbol file LoadedFromMemory doesn't match image C:\Users\BOSS\Desktop\unity-lecture\3d unity\Library\PackageCache\com.unity.visualscripting@1.7.8\Editor\VisualScripting.Core\Dependencies\DotNetZip\Unity.VisualScripting.IonicZip.dll
Native extension for WindowsStandalone target not found
Native extension for WebGL target not found
Refreshing native plugins compatible for Editor in 2.73 ms, found 3 plugins.
Preloading 0 native plugins for Editor in 0.00 ms.
Mono: successfully reloaded assembly
- Completed reload, in  2.908 seconds
Domain Reload Profiling:
	ReloadAssembly (2910ms)
		BeginReloadAssembly (443ms)
			ExecutionOrderSort (0ms)
			DisableScriptedObjects (30ms)
			BackupInstance (0ms)
			ReleaseScriptingObjects (0ms)
			CreateAndSetChildDomain (92ms)
		EndReloadAssembly (2181ms)
			LoadAssemblies (325ms)
			RebuildTransferFunctionScriptingTraits (0ms)
			SetupTypeCache (707ms)
			ReleaseScriptCaches (3ms)
			RebuildScriptCaches (109ms)
			SetupLoadedEditorAssemblies (963ms)
				LogAssemblyErrors (0ms)
				InitializePlatformSupportModulesInManaged (83ms)
				SetLoadedEditorAssemblies (3ms)
				RefreshPlugins (3ms)
				BeforeProcessingInitializeOnLoad (229ms)
				ProcessInitializeOnLoadAttributes (557ms)
				ProcessInitializeOnLoadMethodAttributes (56ms)
				AfterProcessingInitializeOnLoad (31ms)
				EditorAssembliesLoaded (0ms)
			ExecutionOrderSort2 (0ms)
			AwakeInstancesAfterBackupRestoration (28ms)
Platform modules already initialized, skipping
Refreshing native plugins compatible for Editor in 10.27 ms, found 3 plugins.
Preloading 0 native plugins for Editor in 0.00 ms.
Unloading 3362 Unused Serialized files (Serialized files now loaded: 0)
Unloading 20 unused Assets / (80.5 KB). Loaded Objects now: 3900.
Memory consumption went from 145.6 MB to 145.6 MB.
Total: 8.787000 ms (FindLiveObjects: 0.980000 ms CreateObjectMapping: 0.585700 ms MarkObjects: 6.997100 ms  DeleteObjects: 0.222600 ms)

AssetImportParameters requested are different than current active one (requested -> active):
  custom:video-decoder-ogg-theora: a1e56fd34408186e4bbccfd4996cb3dc -> 
  custom:container-muxer-webm: aa71ff27fc2769a1b78a27578f13a17b -> 
  custom:container-demuxer-webm: 4f35f7cbe854078d1ac9338744f61a02 -> 
  custom:video-encoder-webm-vp8: eb34c28f22e8b96e1ab97ce403110664 -> 
  custom:audio-encoder-webm-vorbis: bf7c407c2cedff20999df2af8eb42d56 -> 
  custom:framework-win-MediaFoundation: 216162199b28c13a410421893ffa2e32 -> 
  custom:container-demuxer-ogg: 62fdf1f143b41e24485cea50d1cbac27 -> 
  custom:video-decoder-webm-vp8: 9c59270c3fd7afecdb556c50c9e8de78 -> 
  custom:audio-decoder-ogg-vorbis: bf7c407c2cedff20999df2af8eb42d56 -> 
========================================================================
Received Prepare
Registering precompiled user dll's ...
Registered in 0.015997 seconds.
Begin MonoManager ReloadAssembly
Symbol file LoadedFromMemory doesn't match image C:\Users\BOSS\Desktop\unity-lecture\3d unity\Library\PackageCache\com.unity.visualscripting@1.7.8\Editor\VisualScripting.Core\Dependencies\YamlDotNet\Unity.VisualScripting.YamlDotNet.dll
Symbol file LoadedFromMemory doesn't match image C:\Users\BOSS\Desktop\unity-lecture\3d unity\Library\PackageCache\com.unity.visualscripting@1.7.8\Editor\VisualScripting.Core\Dependencies\DotNetZip\Unity.VisualScripting.IonicZip.dll
Native extension for WindowsStandalone target not found
Native extension for WebGL target not found
Refreshing native plugins compatible for Editor in 1.52 ms, found 3 plugins.
Preloading 0 native plugins for Editor in 0.00 ms.
Mono: successfully reloaded assembly
- Completed reload, in  3.204 seconds
Domain Reload Profiling:
	ReloadAssembly (3206ms)
		BeginReloadAssembly (561ms)
			ExecutionOrderSort (0ms)
			DisableScriptedObjects (14ms)
			BackupInstance (0ms)
			ReleaseScriptingObjects (0ms)
			CreateAndSetChildDomain (214ms)
		EndReloadAssembly (2355ms)
			LoadAssemblies (452ms)
			RebuildTransferFunctionScriptingTraits (0ms)
			SetupTypeCache (836ms)
			ReleaseScriptCaches (2ms)
			RebuildScriptCaches (108ms)
			SetupLoadedEditorAssemblies (920ms)
				LogAssemblyErrors (0ms)
				InitializePlatformSupportModulesInManaged (49ms)
				SetLoadedEditorAssemblies (1ms)
				RefreshPlugins (2ms)
				BeforeProcessingInitializeOnLoad (201ms)
				ProcessInitializeOnLoadAttributes (566ms)
				ProcessInitializeOnLoadMethodAttributes (62ms)
				AfterProcessingInitializeOnLoad (39ms)
				EditorAssembliesLoaded (0ms)
			ExecutionOrderSort2 (0ms)
			AwakeInstancesAfterBackupRestoration (29ms)
Platform modules already initialized, skipping
Refreshing native plugins compatible for Editor in 7.43 ms, found 3 plugins.
Preloading 0 native plugins for Editor in 0.00 ms.
Unloading 3362 Unused Serialized files (Serialized files now loaded: 0)
Unloading 20 unused Assets / (80.6 KB). Loaded Objects now: 3903.
Memory consumption went from 145.7 MB to 145.6 MB.
Total: 10.732900 ms (FindLiveObjects: 0.540200 ms CreateObjectMapping: 0.630400 ms MarkObjects: 9.379800 ms  DeleteObjects: 0.180900 ms)

AssetImportParameters requested are different than current active one (requested -> active):
  custom:video-decoder-ogg-theora: a1e56fd34408186e4bbccfd4996cb3dc -> 
  custom:container-muxer-webm: aa71ff27fc2769a1b78a27578f13a17b -> 
  custom:container-demuxer-webm: 4f35f7cbe854078d1ac9338744f61a02 -> 
  custom:video-encoder-webm-vp8: eb34c28f22e8b96e1ab97ce403110664 -> 
  custom:audio-encoder-webm-vorbis: bf7c407c2cedff20999df2af8eb42d56 -> 
  custom:framework-win-MediaFoundation: 216162199b28c13a410421893ffa2e32 -> 
  custom:container-demuxer-ogg: 62fdf1f143b41e24485cea50d1cbac27 -> 
  custom:video-decoder-webm-vp8: 9c59270c3fd7afecdb556c50c9e8de78 -> 
  custom:audio-decoder-ogg-vorbis: bf7c407c2cedff20999df2af8eb42d56 -> 
========================================================================
Received Prepare
Registering precompiled user dll's ...
Registered in 0.040277 seconds.
Begin MonoManager ReloadAssembly
Symbol file LoadedFromMemory doesn't match image C:\Users\BOSS\Desktop\unity-lecture\3d unity\Library\PackageCache\com.unity.visualscripting@1.7.8\Editor\VisualScripting.Core\Dependencies\YamlDotNet\Unity.VisualScripting.YamlDotNet.dll
Symbol file LoadedFromMemory doesn't match image C:\Users\BOSS\Desktop\unity-lecture\3d unity\Library\PackageCache\com.unity.visualscripting@1.7.8\Editor\VisualScripting.Core\Dependencies\DotNetZip\Unity.VisualScripting.IonicZip.dll
Native extension for WindowsStandalone target not found
Native extension for WebGL target not found
Refreshing native plugins compatible for Editor in 1.79 ms, found 3 plugins.
Preloading 0 native plugins for Editor in 0.00 ms.
Mono: successfully reloaded assembly
- Completed reload, in  2.896 seconds
Domain Reload Profiling:
	ReloadAssembly (2897ms)
		BeginReloadAssembly (725ms)
			ExecutionOrderSort (0ms)
			DisableScriptedObjects (30ms)
			BackupInstance (0ms)
			ReleaseScriptingObjects (0ms)
			CreateAndSetChildDomain (188ms)
		EndReloadAssembly (1759ms)
			LoadAssemblies (463ms)
			RebuildTransferFunctionScriptingTraits (0ms)
			SetupTypeCache (662ms)
			ReleaseScriptCaches (2ms)
			RebuildScriptCaches (102ms)
			SetupLoadedEditorAssemblies (709ms)
				LogAssemblyErrors (0ms)
				InitializePlatformSupportModulesInManaged (30ms)
				SetLoadedEditorAssemblies (5ms)
				RefreshPlugins (2ms)
				BeforeProcessingInitializeOnLoad (149ms)
				ProcessInitializeOnLoadAttributes (454ms)
				ProcessInitializeOnLoadMethodAttributes (50ms)
				AfterProcessingInitializeOnLoad (19ms)
				EditorAssembliesLoaded (0ms)
			ExecutionOrderSort2 (0ms)
			AwakeInstancesAfterBackupRestoration (29ms)
Platform modules already initialized, skipping
Refreshing native plugins compatible for Editor in 4.29 ms, found 3 plugins.
Preloading 0 native plugins for Editor in 0.00 ms.
Unloading 3362 Unused Serialized files (Serialized files now loaded: 0)
Unloading 20 unused Assets / (80.3 KB). Loaded Objects now: 3906.
Memory consumption went from 145.7 MB to 145.6 MB.
Total: 6.200700 ms (FindLiveObjects: 0.789500 ms CreateObjectMapping: 0.765500 ms MarkObjects: 4.389500 ms  DeleteObjects: 0.254600 ms)

AssetImportParameters requested are different than current active one (requested -> active):
  custom:video-decoder-ogg-theora: a1e56fd34408186e4bbccfd4996cb3dc -> 
  custom:container-muxer-webm: aa71ff27fc2769a1b78a27578f13a17b -> 
  custom:container-demuxer-webm: 4f35f7cbe854078d1ac9338744f61a02 -> 
  custom:video-encoder-webm-vp8: eb34c28f22e8b96e1ab97ce403110664 -> 
  custom:audio-encoder-webm-vorbis: bf7c407c2cedff20999df2af8eb42d56 -> 
  custom:framework-win-MediaFoundation: 216162199b28c13a410421893ffa2e32 -> 
  custom:container-demuxer-ogg: 62fdf1f143b41e24485cea50d1cbac27 -> 
  custom:video-decoder-webm-vp8: 9c59270c3fd7afecdb556c50c9e8de78 -> 
  custom:audio-decoder-ogg-vorbis: bf7c407c2cedff20999df2af8eb42d56 -> 
========================================================================
Received Import Request.
  Time since last request: 1759.774436 seconds.
  path: Assets/Blend/Animation/Ch25_nonPBR@Orc Idle.fbx
  artifactKey: Guid(48ffb939a58efe149b988796d4edde8f) Importer(815301076,1909f56bfc062723c751e8b465ee728b)
Start importing Assets/Blend/Animation/Ch25_nonPBR@Orc Idle.fbx using Guid(48ffb939a58efe149b988796d4edde8f) Importer(815301076,1909f56bfc062723c751e8b465ee728b)  -> (artifact id: 'f316bbd1ff2928dbe629de9aef5e180c') in 0.367153 seconds 
========================================================================
Received Import Request.
  Time since last request: 11.106894 seconds.
  path: Assets/Blend/Animation/Idle.fbx
  artifactKey: Guid(48ffb939a58efe149b988796d4edde8f) Importer(815301076,1909f56bfc062723c751e8b465ee728b)
Start importing Assets/Blend/Animation/Idle.fbx using Guid(48ffb939a58efe149b988796d4edde8f) Importer(815301076,1909f56bfc062723c751e8b465ee728b)  -> (artifact id: 'f105c5993f9af6ec9f86ab80d0fcecf3') in 0.107549 seconds 
========================================================================
Received Import Request.
  Time since last request: 25.116426 seconds.
  path: Assets/Blend/Animation/Idle.fbx
  artifactKey: Guid(48ffb939a58efe149b988796d4edde8f) Importer(815301076,1909f56bfc062723c751e8b465ee728b)
Start importing Assets/Blend/Animation/Idle.fbx using Guid(48ffb939a58efe149b988796d4edde8f) Importer(815301076,1909f56bfc062723c751e8b465ee728b)  -> (artifact id: '4efb32503e6e08c8ef848ebc39b3fac1') in 0.072210 seconds 
========================================================================
Received Import Request.
  Time since last request: 115.811574 seconds.
  path: Assets/Blend/Animation/Ch25_nonPBR@Orc Idle (1).fbx
  artifactKey: Guid(39dc9f22a5aecb045b7f60c17b80cf6f) Importer(815301076,1909f56bfc062723c751e8b465ee728b)
Start importing Assets/Blend/Animation/Ch25_nonPBR@Orc Idle (1).fbx using Guid(39dc9f22a5aecb045b7f60c17b80cf6f) Importer(815301076,1909f56bfc062723c751e8b465ee728b)  -> (artifact id: 'b8a890c4ae6539930afa0dbe9f30a460') in 0.099667 seconds 
========================================================================
Received Import Request.
  Time since last request: 15.000842 seconds.
  path: Assets/Blend/Animation/Ch25_nonPBR@Orc Idle (1).fbx
  artifactKey: Guid(39dc9f22a5aecb045b7f60c17b80cf6f) Importer(815301076,1909f56bfc062723c751e8b465ee728b)
Start importing Assets/Blend/Animation/Ch25_nonPBR@Orc Idle (1).fbx using Guid(39dc9f22a5aecb045b7f60c17b80cf6f) Importer(815301076,1909f56bfc062723c751e8b465ee728b)  -> (artifact id: 'fb1b2838a2aaa017991d0e11f781762f') in 0.073268 seconds 
========================================================================
Received Import Request.
  Time since last request: 7.165892 seconds.
  path: Assets/Blend/Animation/Idle.fbx
  artifactKey: Guid(39dc9f22a5aecb045b7f60c17b80cf6f) Importer(815301076,1909f56bfc062723c751e8b465ee728b)
Start importing Assets/Blend/Animation/Idle.fbx using Guid(39dc9f22a5aecb045b7f60c17b80cf6f) Importer(815301076,1909f56bfc062723c751e8b465ee728b)  -> (artifact id: 'aa3e8d8d1cbd8992a3de319aef520a51') in 0.070715 seconds 
========================================================================
Received Import Request.
  Time since last request: 74.486434 seconds.
  path: Assets/Blend/Animation/Ch25_nonPBR@Happy Idle.fbx
  artifactKey: Guid(f2747feca030938409f1626af4287168) Importer(815301076,1909f56bfc062723c751e8b465ee728b)
Start importing Assets/Blend/Animation/Ch25_nonPBR@Happy Idle.fbx using Guid(f2747feca030938409f1626af4287168) Importer(815301076,1909f56bfc062723c751e8b465ee728b)  -> (artifact id: '2800ca80ba60740e68b688e97a7defb8') in 0.112854 seconds 
========================================================================
Received Import Request.
  Time since last request: 14.875457 seconds.
  path: Assets/Blend/Animation/Idle.fbx
  artifactKey: Guid(f2747feca030938409f1626af4287168) Importer(815301076,1909f56bfc062723c751e8b465ee728b)
Start importing Assets/Blend/Animation/Idle.fbx using Guid(f2747feca030938409f1626af4287168) Importer(815301076,1909f56bfc062723c751e8b465ee728b)  -> (artifact id: 'f4100537d70cef3d0fc51ea22452887b') in 0.009984 seconds 
========================================================================
Received Import Request.
  Time since last request: 8.876721 seconds.
  path: Assets/Blend/Animator/BlendAnimator Controller.controller
  artifactKey: Guid(c5e7e19e8e7013d4cb6fc6985f373548) Importer(815301076,1909f56bfc062723c751e8b465ee728b)
Start importing Assets/Blend/Animator/BlendAnimator Controller.controller using Guid(c5e7e19e8e7013d4cb6fc6985f373548) Importer(815301076,1909f56bfc062723c751e8b465ee728b)  -> (artifact id: 'e3bf4294af2a8e4290399ae9a4912431') in 0.008999 seconds 
========================================================================
Received Import Request.
  Time since last request: 116.298189 seconds.
  path: Assets/Blend/Animation/Idle.fbx
  artifactKey: Guid(f2747feca030938409f1626af4287168) Importer(815301076,1909f56bfc062723c751e8b465ee728b)
Start importing Assets/Blend/Animation/Idle.fbx using Guid(f2747feca030938409f1626af4287168) Importer(815301076,1909f56bfc062723c751e8b465ee728b)  -> (artifact id: '90c70fed4e6f01c80a58b1407232b926') in 0.011723 seconds 
========================================================================
Received Prepare
Registering precompiled user dll's ...
Registered in 0.012241 seconds.
Begin MonoManager ReloadAssembly
Symbol file LoadedFromMemory doesn't match image C:\Users\BOSS\Desktop\unity-lecture\3d unity\Library\PackageCache\com.unity.visualscripting@1.7.8\Editor\VisualScripting.Core\Dependencies\YamlDotNet\Unity.VisualScripting.YamlDotNet.dll
Symbol file LoadedFromMemory doesn't match image C:\Users\BOSS\Desktop\unity-lecture\3d unity\Library\PackageCache\com.unity.visualscripting@1.7.8\Editor\VisualScripting.Core\Dependencies\DotNetZip\Unity.VisualScripting.IonicZip.dll
Native extension for WindowsStandalone target not found
Native extension for WebGL target not found
Refreshing native plugins compatible for Editor in 1.69 ms, found 3 plugins.
Preloading 0 native plugins for Editor in 0.00 ms.
Mono: successfully reloaded assembly
- Completed reload, in  3.411 seconds
Domain Reload Profiling:
	ReloadAssembly (3414ms)
		BeginReloadAssembly (359ms)
			ExecutionOrderSort (0ms)
			DisableScriptedObjects (11ms)
			BackupInstance (0ms)
			ReleaseScriptingObjects (0ms)
			CreateAndSetChildDomain (106ms)
		EndReloadAssembly (2510ms)
			LoadAssemblies (295ms)
			RebuildTransferFunctionScriptingTraits (0ms)
			SetupTypeCache (751ms)
			ReleaseScriptCaches (4ms)
			RebuildScriptCaches (103ms)
			SetupLoadedEditorAssemblies (1101ms)
				LogAssemblyErrors (0ms)
				InitializePlatformSupportModulesInManaged (39ms)
				SetLoadedEditorAssemblies (2ms)
				RefreshPlugins (2ms)
				BeforeProcessingInitializeOnLoad (163ms)
				ProcessInitializeOnLoadAttributes (764ms)
				ProcessInitializeOnLoadMethodAttributes (85ms)
				AfterProcessingInitializeOnLoad (46ms)
				EditorAssembliesLoaded (0ms)
			ExecutionOrderSort2 (0ms)
			AwakeInstancesAfterBackupRestoration (116ms)
Platform modules already initialized, skipping
Refreshing native plugins compatible for Editor in 4.66 ms, found 3 plugins.
Preloading 0 native plugins for Editor in 0.00 ms.
Unloading 3362 Unused Serialized files (Serialized files now loaded: 0)
Unloading 20 unused Assets / (80.6 KB). Loaded Objects now: 3909.
Memory consumption went from 145.7 MB to 145.7 MB.
Total: 9.461100 ms (FindLiveObjects: 0.516600 ms CreateObjectMapping: 1.231000 ms MarkObjects: 7.587800 ms  DeleteObjects: 0.124400 ms)

AssetImportParameters requested are different than current active one (requested -> active):
  custom:video-decoder-ogg-theora: a1e56fd34408186e4bbccfd4996cb3dc -> 
  custom:container-muxer-webm: aa71ff27fc2769a1b78a27578f13a17b -> 
  custom:container-demuxer-webm: 4f35f7cbe854078d1ac9338744f61a02 -> 
  custom:video-encoder-webm-vp8: eb34c28f22e8b96e1ab97ce403110664 -> 
  custom:audio-encoder-webm-vorbis: bf7c407c2cedff20999df2af8eb42d56 -> 
  custom:framework-win-MediaFoundation: 216162199b28c13a410421893ffa2e32 -> 
  custom:container-demuxer-ogg: 62fdf1f143b41e24485cea50d1cbac27 -> 
  custom:video-decoder-webm-vp8: 9c59270c3fd7afecdb556c50c9e8de78 -> 
  custom:audio-decoder-ogg-vorbis: bf7c407c2cedff20999df2af8eb42d56 -> 
========================================================================
Received Prepare
Registering precompiled user dll's ...
Registered in 0.007819 seconds.
Begin MonoManager ReloadAssembly
Symbol file LoadedFromMemory doesn't match image C:\Users\BOSS\Desktop\unity-lecture\3d unity\Library\PackageCache\com.unity.visualscripting@1.7.8\Editor\VisualScripting.Core\Dependencies\YamlDotNet\Unity.VisualScripting.YamlDotNet.dll
Symbol file LoadedFromMemory doesn't match image C:\Users\BOSS\Desktop\unity-lecture\3d unity\Library\PackageCache\com.unity.visualscripting@1.7.8\Editor\VisualScripting.Core\Dependencies\DotNetZip\Unity.VisualScripting.IonicZip.dll
Native extension for WindowsStandalone target not found
Native extension for WebGL target not found
Refreshing native plugins compatible for Editor in 0.62 ms, found 3 plugins.
Preloading 0 native plugins for Editor in 0.00 ms.
Mono: successfully reloaded assembly
- Completed reload, in  1.513 seconds
Domain Reload Profiling:
	ReloadAssembly (1514ms)
		BeginReloadAssembly (195ms)
			ExecutionOrderSort (0ms)
			DisableScriptedObjects (7ms)
			BackupInstance (0ms)
			ReleaseScriptingObjects (0ms)
			CreateAndSetChildDomain (53ms)
		EndReloadAssembly (1171ms)
			LoadAssemblies (127ms)
			RebuildTransferFunctionScriptingTraits (0ms)
			SetupTypeCache (368ms)
			ReleaseScriptCaches (1ms)
			RebuildScriptCaches (47ms)
			SetupLoadedEditorAssemblies (440ms)
				LogAssemblyErrors (0ms)
				InitializePlatformSupportModulesInManaged (18ms)
				SetLoadedEditorAssemblies (1ms)
				RefreshPlugins (1ms)
				BeforeProcessingInitializeOnLoad (91ms)
				ProcessInitializeOnLoadAttributes (275ms)
				ProcessInitializeOnLoadMethodAttributes (40ms)
				AfterProcessingInitializeOnLoad (14ms)
				EditorAssembliesLoaded (0ms)
			ExecutionOrderSort2 (0ms)
			AwakeInstancesAfterBackupRestoration (154ms)
Platform modules already initialized, skipping
Refreshing native plugins compatible for Editor in 6.29 ms, found 3 plugins.
Preloading 0 native plugins for Editor in 0.00 ms.
Unloading 3362 Unused Serialized files (Serialized files now loaded: 0)
Unloading 20 unused Assets / (80.5 KB). Loaded Objects now: 3912.
Memory consumption went from 145.9 MB to 145.8 MB.
Total: 3.445400 ms (FindLiveObjects: 0.398200 ms CreateObjectMapping: 0.282500 ms MarkObjects: 2.662500 ms  DeleteObjects: 0.101000 ms)

AssetImportParameters requested are different than current active one (requested -> active):
  custom:video-decoder-ogg-theora: a1e56fd34408186e4bbccfd4996cb3dc -> 
  custom:container-muxer-webm: aa71ff27fc2769a1b78a27578f13a17b -> 
  custom:container-demuxer-webm: 4f35f7cbe854078d1ac9338744f61a02 -> 
  custom:video-encoder-webm-vp8: eb34c28f22e8b96e1ab97ce403110664 -> 
  custom:audio-encoder-webm-vorbis: bf7c407c2cedff20999df2af8eb42d56 -> 
  custom:framework-win-MediaFoundation: 216162199b28c13a410421893ffa2e32 -> 
  custom:container-demuxer-ogg: 62fdf1f143b41e24485cea50d1cbac27 -> 
  custom:video-decoder-webm-vp8: 9c59270c3fd7afecdb556c50c9e8de78 -> 
  custom:audio-decoder-ogg-vorbis: bf7c407c2cedff20999df2af8eb42d56 -> 
========================================================================
Received Import Request.
  Time since last request: 852.576200 seconds.
  path: Assets/Blend/Animation/Ch25_nonPBR@Crouch Walk Right.fbx
  artifactKey: Guid(139e258369d1c2b479d91106a8ffeb52) Importer(815301076,1909f56bfc062723c751e8b465ee728b)
Start importing Assets/Blend/Animation/Ch25_nonPBR@Crouch Walk Right.fbx using Guid(139e258369d1c2b479d91106a8ffeb52) Importer(815301076,1909f56bfc062723c751e8b465ee728b)  -> (artifact id: 'dce6bd95bcac356a789de7834d26aaef') in 0.059646 seconds 
========================================================================
Received Import Request.
  Time since last request: 11.234156 seconds.
  path: Assets/Blend/Animation/Ch25_nonPBR@Crouch Walk Right.fbx
  artifactKey: Guid(139e258369d1c2b479d91106a8ffeb52) Importer(815301076,1909f56bfc062723c751e8b465ee728b)
Start importing Assets/Blend/Animation/Ch25_nonPBR@Crouch Walk Right.fbx using Guid(139e258369d1c2b479d91106a8ffeb52) Importer(815301076,1909f56bfc062723c751e8b465ee728b)  -> (artifact id: 'a3975e9ef23a5f92035817ff856ef9f9') in 0.009209 seconds 
========================================================================
Received Import Request.
  Time since last request: 7.377297 seconds.
  path: Assets/Blend/Animation/Walk Right.fbx
  artifactKey: Guid(139e258369d1c2b479d91106a8ffeb52) Importer(815301076,1909f56bfc062723c751e8b465ee728b)
Start importing Assets/Blend/Animation/Walk Right.fbx using Guid(139e258369d1c2b479d91106a8ffeb52) Importer(815301076,1909f56bfc062723c751e8b465ee728b)  -> (artifact id: 'dca0fe54c2d6b6e2aa0d6d4c2df8dea2') in 0.013069 seconds 
========================================================================
Received Import Request.
  Time since last request: 5.828114 seconds.
  path: Assets/Blend/Animation/Ch25_nonPBR@Crouch Torch Walk Left.fbx
  artifactKey: Guid(a38aa9a1fcaaffe47bb0ede3acefce31) Importer(815301076,1909f56bfc062723c751e8b465ee728b)
Start importing Assets/Blend/Animation/Ch25_nonPBR@Crouch Torch Walk Left.fbx using Guid(a38aa9a1fcaaffe47bb0ede3acefce31) Importer(815301076,1909f56bfc062723c751e8b465ee728b)  -> (artifact id: '15a83822d2fa8c2f5f8cc7812fb753ef') in 0.018223 seconds 
========================================================================
Received Import Request.
  Time since last request: 13.961794 seconds.
  path: Assets/Blend/Animation/Walk_left.fbx
  artifactKey: Guid(a38aa9a1fcaaffe47bb0ede3acefce31) Importer(815301076,1909f56bfc062723c751e8b465ee728b)
Start importing Assets/Blend/Animation/Walk_left.fbx using Guid(a38aa9a1fcaaffe47bb0ede3acefce31) Importer(815301076,1909f56bfc062723c751e8b465ee728b)  -> (artifact id: '5a6dfd23a8eceb071289af0498ea5069') in 0.014953 seconds 
========================================================================
Received Import Request.
  Time since last request: 8.068945 seconds.
  path: Assets/Blend/Animation/Walk_Right.fbx
  artifactKey: Guid(139e258369d1c2b479d91106a8ffeb52) Importer(815301076,1909f56bfc062723c751e8b465ee728b)
Start importing Assets/Blend/Animation/Walk_Right.fbx using Guid(139e258369d1c2b479d91106a8ffeb52) Importer(815301076,1909f56bfc062723c751e8b465ee728b)  -> (artifact id: 'd441f6ba104bf829d2d730881e070145') in 0.015232 seconds 
========================================================================
Received Import Request.
  Time since last request: 9.754863 seconds.
  path: Assets/Blend/Animation/Walk_Left.fbx
  artifactKey: Guid(a38aa9a1fcaaffe47bb0ede3acefce31) Importer(815301076,1909f56bfc062723c751e8b465ee728b)
Start importing Assets/Blend/Animation/Walk_Left.fbx using Guid(a38aa9a1fcaaffe47bb0ede3acefce31) Importer(815301076,1909f56bfc062723c751e8b465ee728b)  -> (artifact id: 'f83ba9836c00db67568e90e9a306a928') in 0.013663 seconds 
========================================================================
Received Import Request.
  Time since last request: 10.468646 seconds.
  path: Assets/Blend/Animation/Ch25_nonPBR@Walking Backwards.fbx
  artifactKey: Guid(ba4a466080b4faf4ab3f009729fe94f4) Importer(815301076,1909f56bfc062723c751e8b465ee728b)
Start importing Assets/Blend/Animation/Ch25_nonPBR@Walking Backwards.fbx using Guid(ba4a466080b4faf4ab3f009729fe94f4) Importer(815301076,1909f56bfc062723c751e8b465ee728b)  -> (artifact id: '2ed0a2d6d9d4fa49595ea32521cc08b8') in 0.018528 seconds 
========================================================================
Received Import Request.
  Time since last request: 24.651316 seconds.
  path: Assets/Blend/Animation/Walk_Backwards.fbx
  artifactKey: Guid(ba4a466080b4faf4ab3f009729fe94f4) Importer(815301076,1909f56bfc062723c751e8b465ee728b)
Start importing Assets/Blend/Animation/Walk_Backwards.fbx using Guid(ba4a466080b4faf4ab3f009729fe94f4) Importer(815301076,1909f56bfc062723c751e8b465ee728b)  -> (artifact id: 'f1a7edf000b3ab9dc7fa28368dfbefb2') in 0.014441 seconds 
========================================================================
Received Import Request.
  Time since last request: 4.250321 seconds.
  path: Assets/Blend/Animation/Ch25_nonPBR@Walking.fbx
  artifactKey: Guid(52edd3d2b339777489730d82a480448d) Importer(815301076,1909f56bfc062723c751e8b465ee728b)
Start importing Assets/Blend/Animation/Ch25_nonPBR@Walking.fbx using Guid(52edd3d2b339777489730d82a480448d) Importer(815301076,1909f56bfc062723c751e8b465ee728b)  -> (artifact id: '020c72deaf18fa1494f754f70edd6904') in 0.024575 seconds 
========================================================================
Received Import Request.
  Time since last request: 11.548823 seconds.
  path: Assets/Blend/Animation/Walking.fbx
  artifactKey: Guid(52edd3d2b339777489730d82a480448d) Importer(815301076,1909f56bfc062723c751e8b465ee728b)
Start importing Assets/Blend/Animation/Walking.fbx using Guid(52edd3d2b339777489730d82a480448d) Importer(815301076,1909f56bfc062723c751e8b465ee728b)  -> (artifact id: 'b9410e02e34dbd82c29d3699281d9e55') in 0.013087 seconds 
========================================================================
Received Import Request.
  Time since last request: 48.678227 seconds.
  path: Assets/Blend/Animation/Walking.fbx
  artifactKey: Guid(52edd3d2b339777489730d82a480448d) Importer(815301076,1909f56bfc062723c751e8b465ee728b)
Start importing Assets/Blend/Animation/Walking.fbx using Guid(52edd3d2b339777489730d82a480448d) Importer(815301076,1909f56bfc062723c751e8b465ee728b)  -> (artifact id: '710c6127876d4ccc0e4c0df36b4a8222') in 0.007718 seconds 
========================================================================
Received Import Request.
  Time since last request: 14.402494 seconds.
  path: Assets/Blend/Animation/Walk_Backwards.fbx
  artifactKey: Guid(ba4a466080b4faf4ab3f009729fe94f4) Importer(815301076,1909f56bfc062723c751e8b465ee728b)
Start importing Assets/Blend/Animation/Walk_Backwards.fbx using Guid(ba4a466080b4faf4ab3f009729fe94f4) Importer(815301076,1909f56bfc062723c751e8b465ee728b)  -> (artifact id: 'ac1e97bd68c2ce41df79373d8e3dffd3') in 0.009859 seconds 
========================================================================
Received Import Request.
  Time since last request: 7.421088 seconds.
  path: Assets/Blend/Animation/Walk_Right.fbx
  artifactKey: Guid(139e258369d1c2b479d91106a8ffeb52) Importer(815301076,1909f56bfc062723c751e8b465ee728b)
Start importing Assets/Blend/Animation/Walk_Right.fbx using Guid(139e258369d1c2b479d91106a8ffeb52) Importer(815301076,1909f56bfc062723c751e8b465ee728b)  -> (artifact id: '43984c422deef732b311dc91fd9ba67b') in 0.008827 seconds 
========================================================================
Received Import Request.
  Time since last request: 9.102928 seconds.
  path: Assets/Blend/Animation/Walk_Left.fbx
  artifactKey: Guid(a38aa9a1fcaaffe47bb0ede3acefce31) Importer(815301076,1909f56bfc062723c751e8b465ee728b)
Start importing Assets/Blend/Animation/Walk_Left.fbx using Guid(a38aa9a1fcaaffe47bb0ede3acefce31) Importer(815301076,1909f56bfc062723c751e8b465ee728b)  -> (artifact id: '2e960aabe962149e8ec12cc5c64003a3') in 0.009378 seconds 
========================================================================
Received Import Request.
  Time since last request: 55.387138 seconds.
  path: Assets/Blend/Animation/Left Walk.fbx
  artifactKey: Guid(a38aa9a1fcaaffe47bb0ede3acefce31) Importer(815301076,1909f56bfc062723c751e8b465ee728b)
Start importing Assets/Blend/Animation/Left Walk.fbx using Guid(a38aa9a1fcaaffe47bb0ede3acefce31) Importer(815301076,1909f56bfc062723c751e8b465ee728b)  -> (artifact id: 'f274c4ebb677b05e66a1c5676c102d29') in 0.013616 seconds 
========================================================================
Received Import Request.
  Time since last request: 9.747244 seconds.
  path: Assets/Blend/Animation/Walk_Right.fbx
  artifactKey: Guid(139e258369d1c2b479d91106a8ffeb52) Importer(815301076,1909f56bfc062723c751e8b465ee728b)
Start importing Assets/Blend/Animation/Walk_Right.fbx using Guid(139e258369d1c2b479d91106a8ffeb52) Importer(815301076,1909f56bfc062723c751e8b465ee728b)  -> (artifact id: '0387a356cf959bfee21e6ce1b6c50382') in 0.009623 seconds 
========================================================================
Received Import Request.
  Time since last request: 6.243755 seconds.
  path: Assets/Blend/Animation/Right Walk.fbx
  artifactKey: Guid(139e258369d1c2b479d91106a8ffeb52) Importer(815301076,1909f56bfc062723c751e8b465ee728b)
Start importing Assets/Blend/Animation/Right Walk.fbx using Guid(139e258369d1c2b479d91106a8ffeb52) Importer(815301076,1909f56bfc062723c751e8b465ee728b)  -> (artifact id: '7c095da03afe8e87de1df05dac02d043') in 0.013503 seconds 
========================================================================
Received Import Request.
  Time since last request: 10.723918 seconds.
  path: Assets/Blend/Animation/Back Walk.fbx
  artifactKey: Guid(ba4a466080b4faf4ab3f009729fe94f4) Importer(815301076,1909f56bfc062723c751e8b465ee728b)
Start importing Assets/Blend/Animation/Back Walk.fbx using Guid(ba4a466080b4faf4ab3f009729fe94f4) Importer(815301076,1909f56bfc062723c751e8b465ee728b)  -> (artifact id: 'c993a8139b65ba68c197f36ec15c0275') in 0.013113 seconds 
========================================================================
Received Import Request.
  Time since last request: 573.560000 seconds.
  path: Assets/Blend/Animation/Right Walk.fbx
  artifactKey: Guid(139e258369d1c2b479d91106a8ffeb52) Importer(815301076,1909f56bfc062723c751e8b465ee728b)
Start importing Assets/Blend/Animation/Right Walk.fbx using Guid(139e258369d1c2b479d91106a8ffeb52) Importer(815301076,1909f56bfc062723c751e8b465ee728b)  -> (artifact id: '0f616d53ed9f0d42b2c28777e3884846') in 0.007620 seconds 
========================================================================
Received Import Request.
  Time since last request: 2.451001 seconds.
  path: Assets/Blend/Animation/Left Walk.fbx
  artifactKey: Guid(a38aa9a1fcaaffe47bb0ede3acefce31) Importer(815301076,1909f56bfc062723c751e8b465ee728b)
Start importing Assets/Blend/Animation/Left Walk.fbx using Guid(a38aa9a1fcaaffe47bb0ede3acefce31) Importer(815301076,1909f56bfc062723c751e8b465ee728b)  -> (artifact id: 'dc493d08ad8e024aaef9f4d8021c7879') in 0.008208 seconds 
========================================================================
Received Import Request.
  Time since last request: 2.842265 seconds.
  path: Assets/Blend/Animation/Back Walk.fbx
  artifactKey: Guid(ba4a466080b4faf4ab3f009729fe94f4) Importer(815301076,1909f56bfc062723c751e8b465ee728b)
Start importing Assets/Blend/Animation/Back Walk.fbx using Guid(ba4a466080b4faf4ab3f009729fe94f4) Importer(815301076,1909f56bfc062723c751e8b465ee728b)  -> (artifact id: '6a8268c73219920c2cda4612822bc112') in 0.010195 seconds 
========================================================================
Received Import Request.
  Time since last request: 3.803494 seconds.
  path: Assets/Blend/Animation/Walking.fbx
  artifactKey: Guid(52edd3d2b339777489730d82a480448d) Importer(815301076,1909f56bfc062723c751e8b465ee728b)
Start importing Assets/Blend/Animation/Walking.fbx using Guid(52edd3d2b339777489730d82a480448d) Importer(815301076,1909f56bfc062723c751e8b465ee728b)  -> (artifact id: 'cf154f0d82a6917af1ec1869deab66ad') in 0.008157 seconds 
========================================================================
Received Prepare
Registering precompiled user dll's ...
Registered in 0.007941 seconds.
Begin MonoManager ReloadAssembly
Symbol file LoadedFromMemory doesn't match image C:\Users\BOSS\Desktop\unity-lecture\3d unity\Library\PackageCache\com.unity.visualscripting@1.7.8\Editor\VisualScripting.Core\Dependencies\YamlDotNet\Unity.VisualScripting.YamlDotNet.dll
Symbol file LoadedFromMemory doesn't match image C:\Users\BOSS\Desktop\unity-lecture\3d unity\Library\PackageCache\com.unity.visualscripting@1.7.8\Editor\VisualScripting.Core\Dependencies\DotNetZip\Unity.VisualScripting.IonicZip.dll
Native extension for WindowsStandalone target not found
Native extension for WebGL target not found
Refreshing native plugins compatible for Editor in 0.78 ms, found 3 plugins.
Preloading 0 native plugins for Editor in 0.00 ms.
Mono: successfully reloaded assembly
- Completed reload, in  2.007 seconds
Domain Reload Profiling:
	ReloadAssembly (2008ms)
		BeginReloadAssembly (221ms)
			ExecutionOrderSort (0ms)
			DisableScriptedObjects (11ms)
			BackupInstance (0ms)
			ReleaseScriptingObjects (0ms)
			CreateAndSetChildDomain (57ms)
		EndReloadAssembly (1591ms)
			LoadAssemblies (152ms)
			RebuildTransferFunctionScriptingTraits (0ms)
			SetupTypeCache (403ms)
			ReleaseScriptCaches (2ms)
			RebuildScriptCaches (66ms)
			SetupLoadedEditorAssemblies (896ms)
				LogAssemblyErrors (0ms)
				InitializePlatformSupportModulesInManaged (26ms)
				SetLoadedEditorAssemblies (1ms)
				RefreshPlugins (1ms)
				BeforeProcessingInitializeOnLoad (311ms)
				ProcessInitializeOnLoadAttributes (489ms)
				ProcessInitializeOnLoadMethodAttributes (51ms)
				AfterProcessingInitializeOnLoad (16ms)
				EditorAssembliesLoaded (1ms)
			ExecutionOrderSort2 (0ms)
			AwakeInstancesAfterBackupRestoration (23ms)
Platform modules already initialized, skipping
Refreshing native plugins compatible for Editor in 3.50 ms, found 3 plugins.
Preloading 0 native plugins for Editor in 0.00 ms.
Unloading 3362 Unused Serialized files (Serialized files now loaded: 0)
Unloading 20 unused Assets / (80.4 KB). Loaded Objects now: 3915.
Memory consumption went from 145.9 MB to 145.8 MB.
Total: 9.194000 ms (FindLiveObjects: 0.485800 ms CreateObjectMapping: 0.728000 ms MarkObjects: 7.489100 ms  DeleteObjects: 0.489600 ms)

AssetImportParameters requested are different than current active one (requested -> active):
  custom:video-decoder-ogg-theora: a1e56fd34408186e4bbccfd4996cb3dc -> 
  custom:container-muxer-webm: aa71ff27fc2769a1b78a27578f13a17b -> 
  custom:container-demuxer-webm: 4f35f7cbe854078d1ac9338744f61a02 -> 
  custom:video-encoder-webm-vp8: eb34c28f22e8b96e1ab97ce403110664 -> 
  custom:audio-encoder-webm-vorbis: bf7c407c2cedff20999df2af8eb42d56 -> 
  custom:framework-win-MediaFoundation: 216162199b28c13a410421893ffa2e32 -> 
  custom:container-demuxer-ogg: 62fdf1f143b41e24485cea50d1cbac27 -> 
  custom:video-decoder-webm-vp8: 9c59270c3fd7afecdb556c50c9e8de78 -> 
  custom:audio-decoder-ogg-vorbis: bf7c407c2cedff20999df2af8eb42d56 -> 
========================================================================
Received Prepare
Registering precompiled user dll's ...
Registered in 0.011325 seconds.
Begin MonoManager ReloadAssembly
Symbol file LoadedFromMemory doesn't match image C:\Users\BOSS\Desktop\unity-lecture\3d unity\Library\PackageCache\com.unity.visualscripting@1.7.8\Editor\VisualScripting.Core\Dependencies\YamlDotNet\Unity.VisualScripting.YamlDotNet.dll
Symbol file LoadedFromMemory doesn't match image C:\Users\BOSS\Desktop\unity-lecture\3d unity\Library\PackageCache\com.unity.visualscripting@1.7.8\Editor\VisualScripting.Core\Dependencies\DotNetZip\Unity.VisualScripting.IonicZip.dll
Native extension for WindowsStandalone target not found
Native extension for WebGL target not found
Refreshing native plugins compatible for Editor in 0.69 ms, found 3 plugins.
Preloading 0 native plugins for Editor in 0.00 ms.
Mono: successfully reloaded assembly
- Completed reload, in  2.409 seconds
Domain Reload Profiling:
	ReloadAssembly (2410ms)
		BeginReloadAssembly (298ms)
			ExecutionOrderSort (0ms)
			DisableScriptedObjects (12ms)
			BackupInstance (0ms)
			ReleaseScriptingObjects (0ms)
			CreateAndSetChildDomain (88ms)
		EndReloadAssembly (1927ms)
			LoadAssemblies (184ms)
			RebuildTransferFunctionScriptingTraits (0ms)
			SetupTypeCache (556ms)
			ReleaseScriptCaches (2ms)
			RebuildScriptCaches (82ms)
			SetupLoadedEditorAssemblies (845ms)
				LogAssemblyErrors (0ms)
				InitializePlatformSupportModulesInManaged (27ms)
				SetLoadedEditorAssemblies (1ms)
				RefreshPlugins (1ms)
				BeforeProcessingInitializeOnLoad (156ms)
				ProcessInitializeOnLoadAttributes (596ms)
				ProcessInitializeOnLoadMethodAttributes (48ms)
				AfterProcessingInitializeOnLoad (16ms)
				EditorAssembliesLoaded (0ms)
			ExecutionOrderSort2 (0ms)
			AwakeInstancesAfterBackupRestoration (23ms)
Platform modules already initialized, skipping
Refreshing native plugins compatible for Editor in 5.65 ms, found 3 plugins.
Preloading 0 native plugins for Editor in 0.00 ms.
Unloading 3362 Unused Serialized files (Serialized files now loaded: 0)
Unloading 20 unused Assets / (80.4 KB). Loaded Objects now: 3918.
Memory consumption went from 145.8 MB to 145.8 MB.
Total: 6.327400 ms (FindLiveObjects: 0.405900 ms CreateObjectMapping: 0.285200 ms MarkObjects: 5.478800 ms  DeleteObjects: 0.155400 ms)

AssetImportParameters requested are different than current active one (requested -> active):
  custom:video-decoder-ogg-theora: a1e56fd34408186e4bbccfd4996cb3dc -> 
  custom:container-muxer-webm: aa71ff27fc2769a1b78a27578f13a17b -> 
  custom:container-demuxer-webm: 4f35f7cbe854078d1ac9338744f61a02 -> 
  custom:video-encoder-webm-vp8: eb34c28f22e8b96e1ab97ce403110664 -> 
  custom:audio-encoder-webm-vorbis: bf7c407c2cedff20999df2af8eb42d56 -> 
  custom:framework-win-MediaFoundation: 216162199b28c13a410421893ffa2e32 -> 
  custom:container-demuxer-ogg: 62fdf1f143b41e24485cea50d1cbac27 -> 
  custom:video-decoder-webm-vp8: 9c59270c3fd7afecdb556c50c9e8de78 -> 
  custom:audio-decoder-ogg-vorbis: bf7c407c2cedff20999df2af8eb42d56 -> 
========================================================================
Received Prepare
Registering precompiled user dll's ...
Registered in 0.010162 seconds.
Begin MonoManager ReloadAssembly
Symbol file LoadedFromMemory doesn't match image C:\Users\BOSS\Desktop\unity-lecture\3d unity\Library\PackageCache\com.unity.visualscripting@1.7.8\Editor\VisualScripting.Core\Dependencies\YamlDotNet\Unity.VisualScripting.YamlDotNet.dll
Symbol file LoadedFromMemory doesn't match image C:\Users\BOSS\Desktop\unity-lecture\3d unity\Library\PackageCache\com.unity.visualscripting@1.7.8\Editor\VisualScripting.Core\Dependencies\DotNetZip\Unity.VisualScripting.IonicZip.dll
Native extension for WindowsStandalone target not found
Native extension for WebGL target not found
Refreshing native plugins compatible for Editor in 0.92 ms, found 3 plugins.
Preloading 0 native plugins for Editor in 0.00 ms.
Mono: successfully reloaded assembly
- Completed reload, in  2.531 seconds
Domain Reload Profiling:
	ReloadAssembly (2533ms)
		BeginReloadAssembly (205ms)
			ExecutionOrderSort (0ms)
			DisableScriptedObjects (7ms)
			BackupInstance (0ms)
			ReleaseScriptingObjects (0ms)
			CreateAndSetChildDomain (49ms)
		EndReloadAssembly (2172ms)
			LoadAssemblies (163ms)
			RebuildTransferFunctionScriptingTraits (0ms)
			SetupTypeCache (1152ms)
			ReleaseScriptCaches (3ms)
			RebuildScriptCaches (131ms)
			SetupLoadedEditorAssemblies (567ms)
				LogAssemblyErrors (0ms)
				InitializePlatformSupportModulesInManaged (34ms)
				SetLoadedEditorAssemblies (1ms)
				RefreshPlugins (1ms)
				BeforeProcessingInitializeOnLoad (115ms)
				ProcessInitializeOnLoadAttributes (354ms)
				ProcessInitializeOnLoadMethodAttributes (46ms)
				AfterProcessingInitializeOnLoad (16ms)
				EditorAssembliesLoaded (0ms)
			ExecutionOrderSort2 (0ms)
			AwakeInstancesAfterBackupRestoration (24ms)
Platform modules already initialized, skipping
Refreshing native plugins compatible for Editor in 2.89 ms, found 3 plugins.
Preloading 0 native plugins for Editor in 0.00 ms.
Unloading 3362 Unused Serialized files (Serialized files now loaded: 0)
Unloading 20 unused Assets / (80.5 KB). Loaded Objects now: 3921.
Memory consumption went from 145.9 MB to 145.9 MB.
Total: 8.540100 ms (FindLiveObjects: 0.425000 ms CreateObjectMapping: 0.672100 ms MarkObjects: 7.294000 ms  DeleteObjects: 0.147900 ms)

AssetImportParameters requested are different than current active one (requested -> active):
  custom:video-decoder-ogg-theora: a1e56fd34408186e4bbccfd4996cb3dc -> 
  custom:container-muxer-webm: aa71ff27fc2769a1b78a27578f13a17b -> 
  custom:container-demuxer-webm: 4f35f7cbe854078d1ac9338744f61a02 -> 
  custom:video-encoder-webm-vp8: eb34c28f22e8b96e1ab97ce403110664 -> 
  custom:audio-encoder-webm-vorbis: bf7c407c2cedff20999df2af8eb42d56 -> 
  custom:framework-win-MediaFoundation: 216162199b28c13a410421893ffa2e32 -> 
  custom:container-demuxer-ogg: 62fdf1f143b41e24485cea50d1cbac27 -> 
  custom:video-decoder-webm-vp8: 9c59270c3fd7afecdb556c50c9e8de78 -> 
  custom:audio-decoder-ogg-vorbis: bf7c407c2cedff20999df2af8eb42d56 -> 
========================================================================
Received Prepare
Registering precompiled user dll's ...
Registered in 0.009384 seconds.
Begin MonoManager ReloadAssembly
Symbol file LoadedFromMemory doesn't match image C:\Users\BOSS\Desktop\unity-lecture\3d unity\Library\PackageCache\com.unity.visualscripting@1.7.8\Editor\VisualScripting.Core\Dependencies\YamlDotNet\Unity.VisualScripting.YamlDotNet.dll
Symbol file LoadedFromMemory doesn't match image C:\Users\BOSS\Desktop\unity-lecture\3d unity\Library\PackageCache\com.unity.visualscripting@1.7.8\Editor\VisualScripting.Core\Dependencies\DotNetZip\Unity.VisualScripting.IonicZip.dll
Native extension for WindowsStandalone target not found
Native extension for WebGL target not found
Refreshing native plugins compatible for Editor in 0.90 ms, found 3 plugins.
Preloading 0 native plugins for Editor in 0.00 ms.
Mono: successfully reloaded assembly
- Completed reload, in  2.011 seconds
Domain Reload Profiling:
	ReloadAssembly (2012ms)
		BeginReloadAssembly (199ms)
			ExecutionOrderSort (0ms)
			DisableScriptedObjects (7ms)
			BackupInstance (0ms)
			ReleaseScriptingObjects (0ms)
			CreateAndSetChildDomain (48ms)
		EndReloadAssembly (1630ms)
			LoadAssemblies (141ms)
			RebuildTransferFunctionScriptingTraits (0ms)
			SetupTypeCache (729ms)
			ReleaseScriptCaches (2ms)
			RebuildScriptCaches (97ms)
			SetupLoadedEditorAssemblies (569ms)
				LogAssemblyErrors (0ms)
				InitializePlatformSupportModulesInManaged (24ms)
				SetLoadedEditorAssemblies (1ms)
				RefreshPlugins (1ms)
				BeforeProcessingInitializeOnLoad (120ms)
				ProcessInitializeOnLoadAttributes (365ms)
				ProcessInitializeOnLoadMethodAttributes (42ms)
				AfterProcessingInitializeOnLoad (14ms)
				EditorAssembliesLoaded (1ms)
			ExecutionOrderSort2 (0ms)
			AwakeInstancesAfterBackupRestoration (27ms)
Platform modules already initialized, skipping
Refreshing native plugins compatible for Editor in 3.43 ms, found 3 plugins.
Preloading 0 native plugins for Editor in 0.00 ms.
Unloading 3362 Unused Serialized files (Serialized files now loaded: 0)
Unloading 20 unused Assets / (80.4 KB). Loaded Objects now: 3924.
Memory consumption went from 145.9 MB to 145.9 MB.
Total: 4.771900 ms (FindLiveObjects: 0.334800 ms CreateObjectMapping: 0.298700 ms MarkObjects: 3.999200 ms  DeleteObjects: 0.138100 ms)

AssetImportParameters requested are different than current active one (requested -> active):
  custom:video-decoder-ogg-theora: a1e56fd34408186e4bbccfd4996cb3dc -> 
  custom:container-muxer-webm: aa71ff27fc2769a1b78a27578f13a17b -> 
  custom:container-demuxer-webm: 4f35f7cbe854078d1ac9338744f61a02 -> 
  custom:video-encoder-webm-vp8: eb34c28f22e8b96e1ab97ce403110664 -> 
  custom:audio-encoder-webm-vorbis: bf7c407c2cedff20999df2af8eb42d56 -> 
  custom:framework-win-MediaFoundation: 216162199b28c13a410421893ffa2e32 -> 
  custom:container-demuxer-ogg: 62fdf1f143b41e24485cea50d1cbac27 -> 
  custom:video-decoder-webm-vp8: 9c59270c3fd7afecdb556c50c9e8de78 -> 
  custom:audio-decoder-ogg-vorbis: bf7c407c2cedff20999df2af8eb42d56 -> 
