Using pre-set license
Built from '2021.3/staging' branch; Version is '2021.3.16f1 (4016570cf34f) revision 4200023'; Using compiler version '192829333'; Build Type 'Release'
OS: 'Windows 10  (10.0.19045) 64bit Professional' Language: 'ko' Physical Memory: 16272 MB
BatchMode: 1, IsHumanControllingUs: 0, StartBugReporterOnCrash: 0, Is64bit: 1, IsPro: 1

COMMAND LINE ARGUMENTS:
C:\Program Files\Unity\Hub\Editor\2021.3.16f1\Editor\Unity.exe
-adb2
-batchMode
-noUpm
-name
AssetImportWorker0
-projectPath
C:/Users/BOSS/Desktop/unity-lecture/3d unity
-logFile
Logs/AssetImportWorker0.log
-srvPort
60112
Successfully changed project path to: C:/Users/BOSS/Desktop/unity-lecture/3d unity
C:/Users/BOSS/Desktop/unity-lecture/3d unity
[UnityMemory] Configuration Parameters - Can be set up in boot.config
    "memorysetup-bucket-allocator-granularity=16"
    "memorysetup-bucket-allocator-bucket-count=8"
    "memorysetup-bucket-allocator-block-size=33554432"
    "memorysetup-bucket-allocator-block-count=8"
    "memorysetup-main-allocator-block-size=16777216"
    "memorysetup-thread-allocator-block-size=16777216"
    "memorysetup-gfx-main-allocator-block-size=16777216"
    "memorysetup-gfx-thread-allocator-block-size=16777216"
    "memorysetup-cache-allocator-block-size=4194304"
    "memorysetup-typetree-allocator-block-size=2097152"
    "memorysetup-profiler-bucket-allocator-granularity=16"
    "memorysetup-profiler-bucket-allocator-bucket-count=8"
    "memorysetup-profiler-bucket-allocator-block-size=33554432"
    "memorysetup-profiler-bucket-allocator-block-count=8"
    "memorysetup-profiler-allocator-block-size=16777216"
    "memorysetup-profiler-editor-allocator-block-size=1048576"
    "memorysetup-temp-allocator-size-main=16777216"
    "memorysetup-job-temp-allocator-block-size=2097152"
    "memorysetup-job-temp-allocator-block-size-background=1048576"
    "memorysetup-job-temp-allocator-reduction-small-platforms=262144"
    "memorysetup-temp-allocator-size-background-worker=32768"
    "memorysetup-temp-allocator-size-job-worker=262144"
    "memorysetup-temp-allocator-size-preload-manager=33554432"
    "memorysetup-temp-allocator-size-nav-mesh-worker=65536"
    "memorysetup-temp-allocator-size-audio-worker=65536"
    "memorysetup-temp-allocator-size-cloud-worker=32768"
    "memorysetup-temp-allocator-size-gi-baking-worker=262144"
    "memorysetup-temp-allocator-size-gfx=262144"
Player connection [19332] Host "[IP] 172.30.1.24 [Port] 0 [Flags] 2 [Guid] 1806631395 [EditorId] 1806631395 [Version] 1048832 [Id] WindowsEditor(7,DESKTOP-JSI12PV) [Debug] 1 [PackageName] WindowsEditor [ProjectName] Editor" joined multi-casting on [225.0.0.222:54997]...

Player connection [19332] Host "[IP] 172.30.1.24 [Port] 0 [Flags] 2 [Guid] 1806631395 [EditorId] 1806631395 [Version] 1048832 [Id] WindowsEditor(7,DESKTOP-JSI12PV) [Debug] 1 [PackageName] WindowsEditor [ProjectName] Editor" joined alternative multi-casting on [225.0.0.222:34997]...

Refreshing native plugins compatible for Editor in 129.11 ms, found 3 plugins.
Preloading 0 native plugins for Editor in 0.00 ms.
Initialize engine version: 2021.3.16f1 (4016570cf34f)
[Subsystems] Discovering subsystems at path C:/Program Files/Unity/Hub/Editor/2021.3.16f1/Editor/Data/Resources/UnitySubsystems
[Subsystems] Discovering subsystems at path C:/Users/BOSS/Desktop/unity-lecture/3d unity/Assets
GfxDevice: creating device client; threaded=0; jobified=0
Direct3D:
    Version:  Direct3D 11.0 [level 11.1]
    Renderer: NVIDIA GeForce GTX 1050 (ID=0x1c8d)
    Vendor:   NVIDIA
    VRAM:     4050 MB
    Driver:   22.21.13.8205
Initialize mono
Mono path[0] = 'C:/Program Files/Unity/Hub/Editor/2021.3.16f1/Editor/Data/Managed'
Mono path[1] = 'C:/Program Files/Unity/Hub/Editor/2021.3.16f1/Editor/Data/MonoBleedingEdge/lib/mono/unityjit-win32'
Mono config path = 'C:/Program Files/Unity/Hub/Editor/2021.3.16f1/Editor/Data/MonoBleedingEdge/etc'
Using monoOptions --debugger-agent=transport=dt_socket,embedding=1,server=y,suspend=n,address=127.0.0.1:56336
Begin MonoManager ReloadAssembly
Registering precompiled unity dll's ...
Register platform support module: C:/Program Files/Unity/Hub/Editor/2021.3.16f1/Editor/Data/PlaybackEngines/WebGLSupport/UnityEditor.WebGL.Extensions.dll
Register platform support module: C:/Program Files/Unity/Hub/Editor/2021.3.16f1/Editor/Data/PlaybackEngines/WindowsStandaloneSupport/UnityEditor.WindowsStandalone.Extensions.dll
Registered in 0.015750 seconds.
Native extension for WindowsStandalone target not found
Native extension for WebGL target not found
Refreshing native plugins compatible for Editor in 115.00 ms, found 3 plugins.
Preloading 0 native plugins for Editor in 0.00 ms.
Mono: successfully reloaded assembly
- Completed reload, in  1.153 seconds
Domain Reload Profiling:
	ReloadAssembly (1154ms)
		BeginReloadAssembly (126ms)
			ExecutionOrderSort (0ms)
			DisableScriptedObjects (0ms)
			BackupInstance (0ms)
			ReleaseScriptingObjects (0ms)
			CreateAndSetChildDomain (1ms)
		EndReloadAssembly (785ms)
			LoadAssemblies (124ms)
			RebuildTransferFunctionScriptingTraits (2ms)
			SetupTypeCache (221ms)
			ReleaseScriptCaches (0ms)
			RebuildScriptCaches (52ms)
			SetupLoadedEditorAssemblies (421ms)
				LogAssemblyErrors (0ms)
				InitializePlatformSupportModulesInManaged (15ms)
				SetLoadedEditorAssemblies (0ms)
				RefreshPlugins (115ms)
				BeforeProcessingInitializeOnLoad (1ms)
				ProcessInitializeOnLoadAttributes (186ms)
				ProcessInitializeOnLoadMethodAttributes (103ms)
				AfterProcessingInitializeOnLoad (0ms)
				EditorAssembliesLoaded (0ms)
			ExecutionOrderSort2 (0ms)
			AwakeInstancesAfterBackupRestoration (0ms)
Platform modules already initialized, skipping
Registering precompiled user dll's ...
Registered in 0.008459 seconds.
Begin MonoManager ReloadAssembly
Native extension for WindowsStandalone target not found
Native extension for WebGL target not found
Refreshing native plugins compatible for Editor in 0.96 ms, found 3 plugins.
Preloading 0 native plugins for Editor in 0.00 ms.
Mono: successfully reloaded assembly
- Completed reload, in  1.670 seconds
Domain Reload Profiling:
	ReloadAssembly (1671ms)
		BeginReloadAssembly (186ms)
			ExecutionOrderSort (0ms)
			DisableScriptedObjects (7ms)
			BackupInstance (0ms)
			ReleaseScriptingObjects (0ms)
			CreateAndSetChildDomain (28ms)
		EndReloadAssembly (1293ms)
			LoadAssemblies (161ms)
			RebuildTransferFunctionScriptingTraits (0ms)
			SetupTypeCache (498ms)
			ReleaseScriptCaches (1ms)
			RebuildScriptCaches (75ms)
			SetupLoadedEditorAssemblies (525ms)
				LogAssemblyErrors (0ms)
				InitializePlatformSupportModulesInManaged (11ms)
				SetLoadedEditorAssemblies (1ms)
				RefreshPlugins (1ms)
				BeforeProcessingInitializeOnLoad (131ms)
				ProcessInitializeOnLoadAttributes (332ms)
				ProcessInitializeOnLoadMethodAttributes (35ms)
				AfterProcessingInitializeOnLoad (13ms)
				EditorAssembliesLoaded (1ms)
			ExecutionOrderSort2 (0ms)
			AwakeInstancesAfterBackupRestoration (19ms)
Platform modules already initialized, skipping
========================================================================
Worker process is ready to serve import requests
Launched and connected shader compiler UnityShaderCompiler.exe after 0.09 seconds
Refreshing native plugins compatible for Editor in 0.63 ms, found 3 plugins.
Preloading 0 native plugins for Editor in 0.00 ms.
Unloading 3365 Unused Serialized files (Serialized files now loaded: 0)
Unloading 27 unused Assets / (113.7 KB). Loaded Objects now: 3841.
Memory consumption went from 128.1 MB to 128.0 MB.
Total: 3.595000 ms (FindLiveObjects: 0.313400 ms CreateObjectMapping: 0.243500 ms MarkObjects: 2.916400 ms  DeleteObjects: 0.120700 ms)

AssetImportParameters requested are different than current active one (requested -> active):
  custom:video-decoder-ogg-theora: a1e56fd34408186e4bbccfd4996cb3dc -> 
  custom:container-muxer-webm: aa71ff27fc2769a1b78a27578f13a17b -> 
  custom:container-demuxer-webm: 4f35f7cbe854078d1ac9338744f61a02 -> 
  custom:video-encoder-webm-vp8: eb34c28f22e8b96e1ab97ce403110664 -> 
  custom:audio-encoder-webm-vorbis: bf7c407c2cedff20999df2af8eb42d56 -> 
  custom:framework-win-MediaFoundation: 216162199b28c13a410421893ffa2e32 -> 
  custom:container-demuxer-ogg: 62fdf1f143b41e24485cea50d1cbac27 -> 
  custom:video-decoder-webm-vp8: 9c59270c3fd7afecdb556c50c9e8de78 -> 
  custom:audio-decoder-ogg-vorbis: bf7c407c2cedff20999df2af8eb42d56 -> 
========================================================================
Received Import Request.
  Time since last request: 1028149.853821 seconds.
  path: Packages/com.unity.collab-proxy/Editor/PlasticSCM/Assets/Images/step3@2x.png
  artifactKey: Guid(36e6970b84831434a9eac79abd03700b) Importer(815301076,1909f56bfc062723c751e8b465ee728b)
Start importing Packages/com.unity.collab-proxy/Editor/PlasticSCM/Assets/Images/step3@2x.png using Guid(36e6970b84831434a9eac79abd03700b) Importer(815301076,1909f56bfc062723c751e8b465ee728b)  -> (artifact id: '2aa10bf10a1dd2bec342e623fc58737d') in 0.204742 seconds 
========================================================================
Received Import Request.
  Time since last request: 0.000028 seconds.
  path: Packages/com.unity.collab-proxy/Editor/PlasticSCM/Assets/Images/step3.png
  artifactKey: Guid(69899ed144c8eea4baea48b858b37746) Importer(815301076,1909f56bfc062723c751e8b465ee728b)
Start importing Packages/com.unity.collab-proxy/Editor/PlasticSCM/Assets/Images/step3.png using Guid(69899ed144c8eea4baea48b858b37746) Importer(815301076,1909f56bfc062723c751e8b465ee728b)  -> (artifact id: '4133c8bfece9659b09d892b926f314e6') in 0.032250 seconds 
========================================================================
Received Import Request.
  Time since last request: 0.000129 seconds.
  path: Packages/com.unity.collab-proxy/Editor/PlasticSCM/Assets/Images/step2.png
  artifactKey: Guid(cd0b17b71a5c498428ee91dee8a78a88) Importer(815301076,1909f56bfc062723c751e8b465ee728b)
Start importing Packages/com.unity.collab-proxy/Editor/PlasticSCM/Assets/Images/step2.png using Guid(cd0b17b71a5c498428ee91dee8a78a88) Importer(815301076,1909f56bfc062723c751e8b465ee728b)  -> (artifact id: '64bc8e00027bf6c9dad7a8f58547353b') in 0.031275 seconds 
========================================================================
Received Import Request.
  Time since last request: 0.000024 seconds.
  path: Packages/com.unity.collab-proxy/Editor/PlasticSCM/Assets/Images/ignored.png
  artifactKey: Guid(595bc97bc8e1e0b46bd4c2148ba3723a) Importer(815301076,1909f56bfc062723c751e8b465ee728b)
Start importing Packages/com.unity.collab-proxy/Editor/PlasticSCM/Assets/Images/ignored.png using Guid(595bc97bc8e1e0b46bd4c2148ba3723a) Importer(815301076,1909f56bfc062723c751e8b465ee728b)  -> (artifact id: '79e73ad8d39b466fc75dbb7a0df4272b') in 0.027490 seconds 
========================================================================
Received Import Request.
  Time since last request: 0.000028 seconds.
  path: Packages/com.unity.collab-proxy/Editor/PlasticSCM/Assets/Images/iconlockedremoteoverlay@2x.png
  artifactKey: Guid(f73a7d8758d7be04588b15637d94b5a8) Importer(815301076,1909f56bfc062723c751e8b465ee728b)
Start importing Packages/com.unity.collab-proxy/Editor/PlasticSCM/Assets/Images/iconlockedremoteoverlay@2x.png using Guid(f73a7d8758d7be04588b15637d94b5a8) Importer(815301076,1909f56bfc062723c751e8b465ee728b)  -> (artifact id: '5fac29d655a7d5cc7c275b5a3730eec9') in 0.042217 seconds 
========================================================================
Received Import Request.
  Time since last request: 0.000025 seconds.
  path: Packages/com.unity.collab-proxy/Editor/PlasticSCM/Assets/Images/step2@2x.png
  artifactKey: Guid(0029170d14ce6c04c9f45c22cdae5559) Importer(815301076,1909f56bfc062723c751e8b465ee728b)
Start importing Packages/com.unity.collab-proxy/Editor/PlasticSCM/Assets/Images/step2@2x.png using Guid(0029170d14ce6c04c9f45c22cdae5559) Importer(815301076,1909f56bfc062723c751e8b465ee728b)  -> (artifact id: 'cc21ddbf6460ff0247972a19e8c59bec') in 0.032600 seconds 
========================================================================
Received Import Request.
  Time since last request: 0.000031 seconds.
  path: Packages/com.unity.collab-proxy/Editor/PlasticSCM/Assets/Images/step1.png
  artifactKey: Guid(9ce84ff0fdeb13d4a83f077d075dd9a5) Importer(815301076,1909f56bfc062723c751e8b465ee728b)
Start importing Packages/com.unity.collab-proxy/Editor/PlasticSCM/Assets/Images/step1.png using Guid(9ce84ff0fdeb13d4a83f077d075dd9a5) Importer(815301076,1909f56bfc062723c751e8b465ee728b)  -> (artifact id: '452a14b194dd7caadfcc80c4c9f2d594') in 0.029858 seconds 
========================================================================
Received Import Request.
  Time since last request: 0.000025 seconds.
  path: Packages/com.unity.collab-proxy/Editor/PlasticSCM/Assets/Images/iconundo.png
  artifactKey: Guid(98773313eabe35543bfdbf542ccea271) Importer(815301076,1909f56bfc062723c751e8b465ee728b)
Start importing Packages/com.unity.collab-proxy/Editor/PlasticSCM/Assets/Images/iconundo.png using Guid(98773313eabe35543bfdbf542ccea271) Importer(815301076,1909f56bfc062723c751e8b465ee728b)  -> (artifact id: 'c82dbf846864d6ded8527c9c8718b630') in 0.028953 seconds 
========================================================================
Received Import Request.
  Time since last request: 0.000037 seconds.
  path: Packages/com.unity.collab-proxy/Editor/PlasticSCM/Assets/Images/ignoredoverlay@2x.png
  artifactKey: Guid(999d04c0ea94ccc41b3d80788160695b) Importer(815301076,1909f56bfc062723c751e8b465ee728b)
Start importing Packages/com.unity.collab-proxy/Editor/PlasticSCM/Assets/Images/ignoredoverlay@2x.png using Guid(999d04c0ea94ccc41b3d80788160695b) Importer(815301076,1909f56bfc062723c751e8b465ee728b)  -> (artifact id: '3d6013e78cdef3e55111ad321fd1a256') in 0.029498 seconds 
========================================================================
Received Prepare
Registering precompiled user dll's ...
Registered in 0.011111 seconds.
Begin MonoManager ReloadAssembly
Native extension for WindowsStandalone target not found
Native extension for WebGL target not found
Refreshing native plugins compatible for Editor in 1.75 ms, found 3 plugins.
Preloading 0 native plugins for Editor in 0.00 ms.
Mono: successfully reloaded assembly
- Completed reload, in  2.244 seconds
Domain Reload Profiling:
	ReloadAssembly (2246ms)
		BeginReloadAssembly (237ms)
			ExecutionOrderSort (0ms)
			DisableScriptedObjects (8ms)
			BackupInstance (0ms)
			ReleaseScriptingObjects (0ms)
			CreateAndSetChildDomain (61ms)
		EndReloadAssembly (1803ms)
			LoadAssemblies (171ms)
			RebuildTransferFunctionScriptingTraits (0ms)
			SetupTypeCache (661ms)
			ReleaseScriptCaches (2ms)
			RebuildScriptCaches (96ms)
			SetupLoadedEditorAssemblies (757ms)
				LogAssemblyErrors (0ms)
				InitializePlatformSupportModulesInManaged (32ms)
				SetLoadedEditorAssemblies (1ms)
				RefreshPlugins (2ms)
				BeforeProcessingInitializeOnLoad (167ms)
				ProcessInitializeOnLoadAttributes (473ms)
				ProcessInitializeOnLoadMethodAttributes (62ms)
				AfterProcessingInitializeOnLoad (20ms)
				EditorAssembliesLoaded (1ms)
			ExecutionOrderSort2 (0ms)
			AwakeInstancesAfterBackupRestoration (32ms)
Platform modules already initialized, skipping
Refreshing native plugins compatible for Editor in 3.79 ms, found 3 plugins.
Preloading 0 native plugins for Editor in 0.00 ms.
Unloading 3360 Unused Serialized files (Serialized files now loaded: 0)
Unloading 20 unused Assets / (80.2 KB). Loaded Objects now: 3856.
Memory consumption went from 132.5 MB to 132.4 MB.
Total: 5.357300 ms (FindLiveObjects: 0.373300 ms CreateObjectMapping: 0.382300 ms MarkObjects: 4.466900 ms  DeleteObjects: 0.133400 ms)

AssetImportParameters requested are different than current active one (requested -> active):
  custom:video-decoder-ogg-theora: a1e56fd34408186e4bbccfd4996cb3dc -> 
  custom:container-muxer-webm: aa71ff27fc2769a1b78a27578f13a17b -> 
  custom:container-demuxer-webm: 4f35f7cbe854078d1ac9338744f61a02 -> 
  custom:video-encoder-webm-vp8: eb34c28f22e8b96e1ab97ce403110664 -> 
  custom:audio-encoder-webm-vorbis: bf7c407c2cedff20999df2af8eb42d56 -> 
  custom:framework-win-MediaFoundation: 216162199b28c13a410421893ffa2e32 -> 
  custom:container-demuxer-ogg: 62fdf1f143b41e24485cea50d1cbac27 -> 
  custom:video-decoder-webm-vp8: 9c59270c3fd7afecdb556c50c9e8de78 -> 
  custom:audio-decoder-ogg-vorbis: bf7c407c2cedff20999df2af8eb42d56 -> 
========================================================================
Received Import Request.
  Time since last request: 802.486233 seconds.
  path: Assets/Instantiate & Destroy/script/Delay.cs
  artifactKey: Guid(4fd9b6bf4b1bbdd4093f207ac1988cfa) Importer(815301076,1909f56bfc062723c751e8b465ee728b)
Start importing Assets/Instantiate & Destroy/script/Delay.cs using Guid(4fd9b6bf4b1bbdd4093f207ac1988cfa) Importer(815301076,1909f56bfc062723c751e8b465ee728b)  -> (artifact id: '92070ccea8ad1c47f5f2affac402e6ef') in 0.027041 seconds 
========================================================================
Received Import Request.
  Time since last request: 347.140857 seconds.
  path: Assets/Instantiate & Destroy/script/Delay.cs
  artifactKey: Guid(4fd9b6bf4b1bbdd4093f207ac1988cfa) Importer(815301076,1909f56bfc062723c751e8b465ee728b)
Start importing Assets/Instantiate & Destroy/script/Delay.cs using Guid(4fd9b6bf4b1bbdd4093f207ac1988cfa) Importer(815301076,1909f56bfc062723c751e8b465ee728b)  -> (artifact id: '452ef307ac19728d970bb9ab6ad41fb6') in 0.004433 seconds 
========================================================================
Received Prepare
Registering precompiled user dll's ...
Registered in 0.013947 seconds.
Begin MonoManager ReloadAssembly
Native extension for WindowsStandalone target not found
Native extension for WebGL target not found
Refreshing native plugins compatible for Editor in 0.70 ms, found 3 plugins.
Preloading 0 native plugins for Editor in 0.00 ms.
Mono: successfully reloaded assembly
- Completed reload, in  1.915 seconds
Domain Reload Profiling:
	ReloadAssembly (1916ms)
		BeginReloadAssembly (281ms)
			ExecutionOrderSort (0ms)
			DisableScriptedObjects (8ms)
			BackupInstance (0ms)
			ReleaseScriptingObjects (0ms)
			CreateAndSetChildDomain (70ms)
		EndReloadAssembly (1449ms)
			LoadAssemblies (229ms)
			RebuildTransferFunctionScriptingTraits (0ms)
			SetupTypeCache (463ms)
			ReleaseScriptCaches (2ms)
			RebuildScriptCaches (62ms)
			SetupLoadedEditorAssemblies (656ms)
				LogAssemblyErrors (0ms)
				InitializePlatformSupportModulesInManaged (24ms)
				SetLoadedEditorAssemblies (1ms)
				RefreshPlugins (1ms)
				BeforeProcessingInitializeOnLoad (155ms)
				ProcessInitializeOnLoadAttributes (414ms)
				ProcessInitializeOnLoadMethodAttributes (43ms)
				AfterProcessingInitializeOnLoad (19ms)
				EditorAssembliesLoaded (0ms)
			ExecutionOrderSort2 (0ms)
			AwakeInstancesAfterBackupRestoration (18ms)
Platform modules already initialized, skipping
Refreshing native plugins compatible for Editor in 3.92 ms, found 3 plugins.
Preloading 0 native plugins for Editor in 0.00 ms.
Unloading 3360 Unused Serialized files (Serialized files now loaded: 0)
Unloading 20 unused Assets / (80.3 KB). Loaded Objects now: 3859.
Memory consumption went from 132.5 MB to 132.4 MB.
Total: 3.849100 ms (FindLiveObjects: 0.291200 ms CreateObjectMapping: 0.168900 ms MarkObjects: 3.280500 ms  DeleteObjects: 0.107400 ms)

AssetImportParameters requested are different than current active one (requested -> active):
  custom:video-decoder-ogg-theora: a1e56fd34408186e4bbccfd4996cb3dc -> 
  custom:container-muxer-webm: aa71ff27fc2769a1b78a27578f13a17b -> 
  custom:container-demuxer-webm: 4f35f7cbe854078d1ac9338744f61a02 -> 
  custom:video-encoder-webm-vp8: eb34c28f22e8b96e1ab97ce403110664 -> 
  custom:audio-encoder-webm-vorbis: bf7c407c2cedff20999df2af8eb42d56 -> 
  custom:framework-win-MediaFoundation: 216162199b28c13a410421893ffa2e32 -> 
  custom:container-demuxer-ogg: 62fdf1f143b41e24485cea50d1cbac27 -> 
  custom:video-decoder-webm-vp8: 9c59270c3fd7afecdb556c50c9e8de78 -> 
  custom:audio-decoder-ogg-vorbis: bf7c407c2cedff20999df2af8eb42d56 -> 
========================================================================
Received Prepare
Registering precompiled user dll's ...
Registered in 0.015847 seconds.
Begin MonoManager ReloadAssembly
Native extension for WindowsStandalone target not found
Native extension for WebGL target not found
Refreshing native plugins compatible for Editor in 0.86 ms, found 3 plugins.
Preloading 0 native plugins for Editor in 0.00 ms.
Mono: successfully reloaded assembly
- Completed reload, in  2.232 seconds
Domain Reload Profiling:
	ReloadAssembly (2234ms)
		BeginReloadAssembly (263ms)
			ExecutionOrderSort (0ms)
			DisableScriptedObjects (7ms)
			BackupInstance (0ms)
			ReleaseScriptingObjects (0ms)
			CreateAndSetChildDomain (67ms)
		EndReloadAssembly (1761ms)
			LoadAssemblies (214ms)
			RebuildTransferFunctionScriptingTraits (0ms)
			SetupTypeCache (677ms)
			ReleaseScriptCaches (2ms)
			RebuildScriptCaches (83ms)
			SetupLoadedEditorAssemblies (708ms)
				LogAssemblyErrors (0ms)
				InitializePlatformSupportModulesInManaged (39ms)
				SetLoadedEditorAssemblies (1ms)
				RefreshPlugins (1ms)
				BeforeProcessingInitializeOnLoad (151ms)
				ProcessInitializeOnLoadAttributes (443ms)
				ProcessInitializeOnLoadMethodAttributes (44ms)
				AfterProcessingInitializeOnLoad (29ms)
				EditorAssembliesLoaded (0ms)
			ExecutionOrderSort2 (0ms)
			AwakeInstancesAfterBackupRestoration (27ms)
Platform modules already initialized, skipping
Refreshing native plugins compatible for Editor in 4.56 ms, found 3 plugins.
Preloading 0 native plugins for Editor in 0.00 ms.
Unloading 3360 Unused Serialized files (Serialized files now loaded: 0)
Unloading 20 unused Assets / (80.1 KB). Loaded Objects now: 3862.
Memory consumption went from 132.4 MB to 132.3 MB.
Total: 3.694100 ms (FindLiveObjects: 0.394200 ms CreateObjectMapping: 0.298500 ms MarkObjects: 2.884500 ms  DeleteObjects: 0.115700 ms)

AssetImportParameters requested are different than current active one (requested -> active):
  custom:video-decoder-ogg-theora: a1e56fd34408186e4bbccfd4996cb3dc -> 
  custom:container-muxer-webm: aa71ff27fc2769a1b78a27578f13a17b -> 
  custom:container-demuxer-webm: 4f35f7cbe854078d1ac9338744f61a02 -> 
  custom:video-encoder-webm-vp8: eb34c28f22e8b96e1ab97ce403110664 -> 
  custom:audio-encoder-webm-vorbis: bf7c407c2cedff20999df2af8eb42d56 -> 
  custom:framework-win-MediaFoundation: 216162199b28c13a410421893ffa2e32 -> 
  custom:container-demuxer-ogg: 62fdf1f143b41e24485cea50d1cbac27 -> 
  custom:video-decoder-webm-vp8: 9c59270c3fd7afecdb556c50c9e8de78 -> 
  custom:audio-decoder-ogg-vorbis: bf7c407c2cedff20999df2af8eb42d56 -> 
========================================================================
Received Prepare
Registering precompiled user dll's ...
Registered in 0.014602 seconds.
Begin MonoManager ReloadAssembly
Native extension for WindowsStandalone target not found
Native extension for WebGL target not found
Refreshing native plugins compatible for Editor in 1.36 ms, found 3 plugins.
Preloading 0 native plugins for Editor in 0.00 ms.
Mono: successfully reloaded assembly
- Completed reload, in  2.161 seconds
Domain Reload Profiling:
	ReloadAssembly (2163ms)
		BeginReloadAssembly (281ms)
			ExecutionOrderSort (0ms)
			DisableScriptedObjects (7ms)
			BackupInstance (0ms)
			ReleaseScriptingObjects (0ms)
			CreateAndSetChildDomain (59ms)
		EndReloadAssembly (1682ms)
			LoadAssemblies (247ms)
			RebuildTransferFunctionScriptingTraits (0ms)
			SetupTypeCache (588ms)
			ReleaseScriptCaches (2ms)
			RebuildScriptCaches (81ms)
			SetupLoadedEditorAssemblies (695ms)
				LogAssemblyErrors (0ms)
				InitializePlatformSupportModulesInManaged (31ms)
				SetLoadedEditorAssemblies (1ms)
				RefreshPlugins (2ms)
				BeforeProcessingInitializeOnLoad (166ms)
				ProcessInitializeOnLoadAttributes (426ms)
				ProcessInitializeOnLoadMethodAttributes (46ms)
				AfterProcessingInitializeOnLoad (23ms)
				EditorAssembliesLoaded (1ms)
			ExecutionOrderSort2 (0ms)
			AwakeInstancesAfterBackupRestoration (25ms)
Platform modules already initialized, skipping
Refreshing native plugins compatible for Editor in 4.39 ms, found 3 plugins.
Preloading 0 native plugins for Editor in 0.00 ms.
Unloading 3360 Unused Serialized files (Serialized files now loaded: 0)
Unloading 20 unused Assets / (80.2 KB). Loaded Objects now: 3865.
Memory consumption went from 132.4 MB to 132.3 MB.
Total: 5.234900 ms (FindLiveObjects: 0.475700 ms CreateObjectMapping: 0.304700 ms MarkObjects: 4.355500 ms  DeleteObjects: 0.097700 ms)

AssetImportParameters requested are different than current active one (requested -> active):
  custom:video-decoder-ogg-theora: a1e56fd34408186e4bbccfd4996cb3dc -> 
  custom:container-muxer-webm: aa71ff27fc2769a1b78a27578f13a17b -> 
  custom:container-demuxer-webm: 4f35f7cbe854078d1ac9338744f61a02 -> 
  custom:video-encoder-webm-vp8: eb34c28f22e8b96e1ab97ce403110664 -> 
  custom:audio-encoder-webm-vorbis: bf7c407c2cedff20999df2af8eb42d56 -> 
  custom:framework-win-MediaFoundation: 216162199b28c13a410421893ffa2e32 -> 
  custom:container-demuxer-ogg: 62fdf1f143b41e24485cea50d1cbac27 -> 
  custom:video-decoder-webm-vp8: 9c59270c3fd7afecdb556c50c9e8de78 -> 
  custom:audio-decoder-ogg-vorbis: bf7c407c2cedff20999df2af8eb42d56 -> 
========================================================================
Received Prepare
Registering precompiled user dll's ...
Registered in 0.016613 seconds.
Begin MonoManager ReloadAssembly
Native extension for WindowsStandalone target not found
Native extension for WebGL target not found
Refreshing native plugins compatible for Editor in 2.31 ms, found 3 plugins.
Preloading 0 native plugins for Editor in 0.00 ms.
Mono: successfully reloaded assembly
- Completed reload, in  2.268 seconds
Domain Reload Profiling:
	ReloadAssembly (2270ms)
		BeginReloadAssembly (298ms)
			ExecutionOrderSort (0ms)
			DisableScriptedObjects (9ms)
			BackupInstance (0ms)
			ReleaseScriptingObjects (0ms)
			CreateAndSetChildDomain (62ms)
		EndReloadAssembly (1750ms)
			LoadAssemblies (296ms)
			RebuildTransferFunctionScriptingTraits (0ms)
			SetupTypeCache (530ms)
			ReleaseScriptCaches (2ms)
			RebuildScriptCaches (98ms)
			SetupLoadedEditorAssemblies (777ms)
				LogAssemblyErrors (0ms)
				InitializePlatformSupportModulesInManaged (36ms)
				SetLoadedEditorAssemblies (1ms)
				RefreshPlugins (3ms)
				BeforeProcessingInitializeOnLoad (151ms)
				ProcessInitializeOnLoadAttributes (508ms)
				ProcessInitializeOnLoadMethodAttributes (49ms)
				AfterProcessingInitializeOnLoad (29ms)
				EditorAssembliesLoaded (0ms)
			ExecutionOrderSort2 (0ms)
			AwakeInstancesAfterBackupRestoration (24ms)
Platform modules already initialized, skipping
Refreshing native plugins compatible for Editor in 3.84 ms, found 3 plugins.
Preloading 0 native plugins for Editor in 0.00 ms.
Unloading 3360 Unused Serialized files (Serialized files now loaded: 0)
Unloading 20 unused Assets / (80.2 KB). Loaded Objects now: 3868.
Memory consumption went from 132.4 MB to 132.3 MB.
Total: 4.532800 ms (FindLiveObjects: 0.298300 ms CreateObjectMapping: 0.364600 ms MarkObjects: 3.748500 ms  DeleteObjects: 0.119900 ms)

AssetImportParameters requested are different than current active one (requested -> active):
  custom:video-decoder-ogg-theora: a1e56fd34408186e4bbccfd4996cb3dc -> 
  custom:container-muxer-webm: aa71ff27fc2769a1b78a27578f13a17b -> 
  custom:container-demuxer-webm: 4f35f7cbe854078d1ac9338744f61a02 -> 
  custom:video-encoder-webm-vp8: eb34c28f22e8b96e1ab97ce403110664 -> 
  custom:audio-encoder-webm-vorbis: bf7c407c2cedff20999df2af8eb42d56 -> 
  custom:framework-win-MediaFoundation: 216162199b28c13a410421893ffa2e32 -> 
  custom:container-demuxer-ogg: 62fdf1f143b41e24485cea50d1cbac27 -> 
  custom:video-decoder-webm-vp8: 9c59270c3fd7afecdb556c50c9e8de78 -> 
  custom:audio-decoder-ogg-vorbis: bf7c407c2cedff20999df2af8eb42d56 -> 
========================================================================
Received Prepare
Registering precompiled user dll's ...
Registered in 0.010589 seconds.
Begin MonoManager ReloadAssembly
Native extension for WindowsStandalone target not found
Native extension for WebGL target not found
Refreshing native plugins compatible for Editor in 0.84 ms, found 3 plugins.
Preloading 0 native plugins for Editor in 0.00 ms.
Mono: successfully reloaded assembly
- Completed reload, in  1.980 seconds
Domain Reload Profiling:
	ReloadAssembly (1981ms)
		BeginReloadAssembly (202ms)
			ExecutionOrderSort (0ms)
			DisableScriptedObjects (8ms)
			BackupInstance (0ms)
			ReleaseScriptingObjects (0ms)
			CreateAndSetChildDomain (55ms)
		EndReloadAssembly (1635ms)
			LoadAssemblies (139ms)
			RebuildTransferFunctionScriptingTraits (0ms)
			SetupTypeCache (709ms)
			ReleaseScriptCaches (2ms)
			RebuildScriptCaches (76ms)
			SetupLoadedEditorAssemblies (610ms)
				LogAssemblyErrors (0ms)
				InitializePlatformSupportModulesInManaged (24ms)
				SetLoadedEditorAssemblies (1ms)
				RefreshPlugins (1ms)
				BeforeProcessingInitializeOnLoad (117ms)
				ProcessInitializeOnLoadAttributes (401ms)
				ProcessInitializeOnLoadMethodAttributes (46ms)
				AfterProcessingInitializeOnLoad (20ms)
				EditorAssembliesLoaded (0ms)
			ExecutionOrderSort2 (0ms)
			AwakeInstancesAfterBackupRestoration (27ms)
Platform modules already initialized, skipping
Refreshing native plugins compatible for Editor in 5.67 ms, found 3 plugins.
Preloading 0 native plugins for Editor in 0.00 ms.
Unloading 3360 Unused Serialized files (Serialized files now loaded: 0)
Unloading 20 unused Assets / (80.3 KB). Loaded Objects now: 3871.
Memory consumption went from 132.5 MB to 132.4 MB.
Total: 5.436600 ms (FindLiveObjects: 0.395700 ms CreateObjectMapping: 0.276400 ms MarkObjects: 4.456700 ms  DeleteObjects: 0.306400 ms)

AssetImportParameters requested are different than current active one (requested -> active):
  custom:video-decoder-ogg-theora: a1e56fd34408186e4bbccfd4996cb3dc -> 
  custom:container-muxer-webm: aa71ff27fc2769a1b78a27578f13a17b -> 
  custom:container-demuxer-webm: 4f35f7cbe854078d1ac9338744f61a02 -> 
  custom:video-encoder-webm-vp8: eb34c28f22e8b96e1ab97ce403110664 -> 
  custom:audio-encoder-webm-vorbis: bf7c407c2cedff20999df2af8eb42d56 -> 
  custom:framework-win-MediaFoundation: 216162199b28c13a410421893ffa2e32 -> 
  custom:container-demuxer-ogg: 62fdf1f143b41e24485cea50d1cbac27 -> 
  custom:video-decoder-webm-vp8: 9c59270c3fd7afecdb556c50c9e8de78 -> 
  custom:audio-decoder-ogg-vorbis: bf7c407c2cedff20999df2af8eb42d56 -> 
========================================================================
Received Prepare
Registering precompiled user dll's ...
Registered in 0.014577 seconds.
Begin MonoManager ReloadAssembly
Native extension for WindowsStandalone target not found
Native extension for WebGL target not found
Refreshing native plugins compatible for Editor in 1.15 ms, found 3 plugins.
Preloading 0 native plugins for Editor in 0.00 ms.
Mono: successfully reloaded assembly
- Completed reload, in  2.218 seconds
Domain Reload Profiling:
	ReloadAssembly (2219ms)
		BeginReloadAssembly (210ms)
			ExecutionOrderSort (0ms)
			DisableScriptedObjects (10ms)
			BackupInstance (0ms)
			ReleaseScriptingObjects (0ms)
			CreateAndSetChildDomain (49ms)
		EndReloadAssembly (1749ms)
			LoadAssemblies (173ms)
			RebuildTransferFunctionScriptingTraits (0ms)
			SetupTypeCache (592ms)
			ReleaseScriptCaches (2ms)
			RebuildScriptCaches (70ms)
			SetupLoadedEditorAssemblies (823ms)
				LogAssemblyErrors (0ms)
				InitializePlatformSupportModulesInManaged (29ms)
				SetLoadedEditorAssemblies (1ms)
				RefreshPlugins (1ms)
				BeforeProcessingInitializeOnLoad (319ms)
				ProcessInitializeOnLoadAttributes (415ms)
				ProcessInitializeOnLoadMethodAttributes (43ms)
				AfterProcessingInitializeOnLoad (15ms)
				EditorAssembliesLoaded (0ms)
			ExecutionOrderSort2 (0ms)
			AwakeInstancesAfterBackupRestoration (22ms)
Platform modules already initialized, skipping
Refreshing native plugins compatible for Editor in 3.62 ms, found 3 plugins.
Preloading 0 native plugins for Editor in 0.00 ms.
Unloading 3360 Unused Serialized files (Serialized files now loaded: 0)
Unloading 20 unused Assets / (80.3 KB). Loaded Objects now: 3874.
Memory consumption went from 132.5 MB to 132.4 MB.
Total: 161.177300 ms (FindLiveObjects: 19.874400 ms CreateObjectMapping: 53.960200 ms MarkObjects: 87.209700 ms  DeleteObjects: 0.130800 ms)

AssetImportParameters requested are different than current active one (requested -> active):
  custom:video-decoder-ogg-theora: a1e56fd34408186e4bbccfd4996cb3dc -> 
  custom:container-muxer-webm: aa71ff27fc2769a1b78a27578f13a17b -> 
  custom:container-demuxer-webm: 4f35f7cbe854078d1ac9338744f61a02 -> 
  custom:video-encoder-webm-vp8: eb34c28f22e8b96e1ab97ce403110664 -> 
  custom:audio-encoder-webm-vorbis: bf7c407c2cedff20999df2af8eb42d56 -> 
  custom:framework-win-MediaFoundation: 216162199b28c13a410421893ffa2e32 -> 
  custom:container-demuxer-ogg: 62fdf1f143b41e24485cea50d1cbac27 -> 
  custom:video-decoder-webm-vp8: 9c59270c3fd7afecdb556c50c9e8de78 -> 
  custom:audio-decoder-ogg-vorbis: bf7c407c2cedff20999df2af8eb42d56 -> 
========================================================================
Received Prepare
Registering precompiled user dll's ...
Registered in 0.010062 seconds.
Begin MonoManager ReloadAssembly
Native extension for WindowsStandalone target not found
Native extension for WebGL target not found
Refreshing native plugins compatible for Editor in 0.77 ms, found 3 plugins.
Preloading 0 native plugins for Editor in 0.00 ms.
Mono: successfully reloaded assembly
- Completed reload, in  2.267 seconds
Domain Reload Profiling:
	ReloadAssembly (2268ms)
		BeginReloadAssembly (386ms)
			ExecutionOrderSort (0ms)
			DisableScriptedObjects (11ms)
			BackupInstance (0ms)
			ReleaseScriptingObjects (0ms)
			CreateAndSetChildDomain (86ms)
		EndReloadAssembly (1620ms)
			LoadAssemblies (272ms)
			RebuildTransferFunctionScriptingTraits (0ms)
			SetupTypeCache (467ms)
			ReleaseScriptCaches (3ms)
			RebuildScriptCaches (80ms)
			SetupLoadedEditorAssemblies (655ms)
				LogAssemblyErrors (0ms)
				InitializePlatformSupportModulesInManaged (29ms)
				SetLoadedEditorAssemblies (1ms)
				RefreshPlugins (1ms)
				BeforeProcessingInitializeOnLoad (123ms)
				ProcessInitializeOnLoadAttributes (445ms)
				ProcessInitializeOnLoadMethodAttributes (38ms)
				AfterProcessingInitializeOnLoad (18ms)
				EditorAssembliesLoaded (0ms)
			ExecutionOrderSort2 (0ms)
			AwakeInstancesAfterBackupRestoration (20ms)
Platform modules already initialized, skipping
Refreshing native plugins compatible for Editor in 5.82 ms, found 3 plugins.
Preloading 0 native plugins for Editor in 0.00 ms.
Unloading 3360 Unused Serialized files (Serialized files now loaded: 0)
Unloading 20 unused Assets / (80.2 KB). Loaded Objects now: 3877.
Memory consumption went from 132.5 MB to 132.5 MB.
Total: 4.738600 ms (FindLiveObjects: 0.423900 ms CreateObjectMapping: 0.292100 ms MarkObjects: 3.897000 ms  DeleteObjects: 0.124400 ms)

AssetImportParameters requested are different than current active one (requested -> active):
  custom:video-decoder-ogg-theora: a1e56fd34408186e4bbccfd4996cb3dc -> 
  custom:container-muxer-webm: aa71ff27fc2769a1b78a27578f13a17b -> 
  custom:container-demuxer-webm: 4f35f7cbe854078d1ac9338744f61a02 -> 
  custom:video-encoder-webm-vp8: eb34c28f22e8b96e1ab97ce403110664 -> 
  custom:audio-encoder-webm-vorbis: bf7c407c2cedff20999df2af8eb42d56 -> 
  custom:framework-win-MediaFoundation: 216162199b28c13a410421893ffa2e32 -> 
  custom:container-demuxer-ogg: 62fdf1f143b41e24485cea50d1cbac27 -> 
  custom:video-decoder-webm-vp8: 9c59270c3fd7afecdb556c50c9e8de78 -> 
  custom:audio-decoder-ogg-vorbis: bf7c407c2cedff20999df2af8eb42d56 -> 
========================================================================
Received Import Request.
  Time since last request: 2101.744192 seconds.
  path: Assets/Instantiate & Destroy/Materials/Orc Texture.mat
  artifactKey: Guid(21fdcefaf94b8cc45a315ae36c130205) Importer(815301076,1909f56bfc062723c751e8b465ee728b)
Start importing Assets/Instantiate & Destroy/Materials/Orc Texture.mat using Guid(21fdcefaf94b8cc45a315ae36c130205) Importer(815301076,1909f56bfc062723c751e8b465ee728b)  -> (artifact id: '314f270509f050b352fe23f0f972514e') in 0.178759 seconds 
========================================================================
Received Prepare
Registering precompiled user dll's ...
Registered in 0.011802 seconds.
Begin MonoManager ReloadAssembly
Native extension for WindowsStandalone target not found
Native extension for WebGL target not found
Refreshing native plugins compatible for Editor in 2.57 ms, found 3 plugins.
Preloading 0 native plugins for Editor in 0.00 ms.
Mono: successfully reloaded assembly
- Completed reload, in  2.916 seconds
Domain Reload Profiling:
	ReloadAssembly (2917ms)
		BeginReloadAssembly (265ms)
			ExecutionOrderSort (0ms)
			DisableScriptedObjects (8ms)
			BackupInstance (0ms)
			ReleaseScriptingObjects (0ms)
			CreateAndSetChildDomain (70ms)
		EndReloadAssembly (2434ms)
			LoadAssemblies (219ms)
			RebuildTransferFunctionScriptingTraits (0ms)
			SetupTypeCache (946ms)
			ReleaseScriptCaches (2ms)
			RebuildScriptCaches (168ms)
			SetupLoadedEditorAssemblies (811ms)
				LogAssemblyErrors (0ms)
				InitializePlatformSupportModulesInManaged (46ms)
				SetLoadedEditorAssemblies (2ms)
				RefreshPlugins (3ms)
				BeforeProcessingInitializeOnLoad (214ms)
				ProcessInitializeOnLoadAttributes (492ms)
				ProcessInitializeOnLoadMethodAttributes (38ms)
				AfterProcessingInitializeOnLoad (16ms)
				EditorAssembliesLoaded (0ms)
			ExecutionOrderSort2 (0ms)
			AwakeInstancesAfterBackupRestoration (22ms)
Platform modules already initialized, skipping
Refreshing native plugins compatible for Editor in 4.63 ms, found 3 plugins.
Preloading 0 native plugins for Editor in 0.00 ms.
Unloading 3360 Unused Serialized files (Serialized files now loaded: 0)
Unloading 20 unused Assets / (80.2 KB). Loaded Objects now: 3918.
Memory consumption went from 132.8 MB to 132.8 MB.
Total: 4.087300 ms (FindLiveObjects: 0.531100 ms CreateObjectMapping: 0.309900 ms MarkObjects: 3.133200 ms  DeleteObjects: 0.111500 ms)

AssetImportParameters requested are different than current active one (requested -> active):
  custom:video-decoder-ogg-theora: a1e56fd34408186e4bbccfd4996cb3dc -> 
  custom:container-muxer-webm: aa71ff27fc2769a1b78a27578f13a17b -> 
  custom:container-demuxer-webm: 4f35f7cbe854078d1ac9338744f61a02 -> 
  custom:video-encoder-webm-vp8: eb34c28f22e8b96e1ab97ce403110664 -> 
  custom:audio-encoder-webm-vorbis: bf7c407c2cedff20999df2af8eb42d56 -> 
  custom:framework-win-MediaFoundation: 216162199b28c13a410421893ffa2e32 -> 
  custom:container-demuxer-ogg: 62fdf1f143b41e24485cea50d1cbac27 -> 
  custom:video-decoder-webm-vp8: 9c59270c3fd7afecdb556c50c9e8de78 -> 
  custom:audio-decoder-ogg-vorbis: bf7c407c2cedff20999df2af8eb42d56 -> 
========================================================================
Received Import Request.
  Time since last request: 538.675703 seconds.
  path: Assets/Animator
  artifactKey: Guid(2c1a526dfcd1cb34fb746f3a72b18905) Importer(815301076,1909f56bfc062723c751e8b465ee728b)
Start importing Assets/Animator using Guid(2c1a526dfcd1cb34fb746f3a72b18905) Importer(815301076,1909f56bfc062723c751e8b465ee728b)  -> (artifact id: 'e09c6a6119e5784e6101d7ed4421fa85') in 0.015893 seconds 
========================================================================
Received Import Request.
  Time since last request: 21.120814 seconds.
  path: Assets/Animator/New Folder
  artifactKey: Guid(c5fd40ba78035d54ab1e06f544e56510) Importer(815301076,1909f56bfc062723c751e8b465ee728b)
Start importing Assets/Animator/New Folder using Guid(c5fd40ba78035d54ab1e06f544e56510) Importer(815301076,1909f56bfc062723c751e8b465ee728b)  -> (artifact id: '093e78e1f4b2ff298525f168533fe344') in 0.009051 seconds 
========================================================================
Received Import Request.
  Time since last request: 5.273908 seconds.
  path: Assets/Animator/New Folder 1
  artifactKey: Guid(eda86564aaee6d84abb521faefce8a1d) Importer(815301076,1909f56bfc062723c751e8b465ee728b)
Start importing Assets/Animator/New Folder 1 using Guid(eda86564aaee6d84abb521faefce8a1d) Importer(815301076,1909f56bfc062723c751e8b465ee728b)  -> (artifact id: '188684838af54ed285acbb4ddc08898d') in 0.009338 seconds 
========================================================================
Received Import Request.
  Time since last request: 3.130017 seconds.
  path: Assets/Animator/New Folder 2
  artifactKey: Guid(20ef18f4735657043926fe1ae0445408) Importer(815301076,1909f56bfc062723c751e8b465ee728b)
Start importing Assets/Animator/New Folder 2 using Guid(20ef18f4735657043926fe1ae0445408) Importer(815301076,1909f56bfc062723c751e8b465ee728b)  -> (artifact id: 'a2ac2369b676d9cb5fe5aac8641b5afc') in 0.007788 seconds 
========================================================================
Received Import Request.
  Time since last request: 3.572147 seconds.
  path: Assets/Animator/New Folder 3
  artifactKey: Guid(8e55d94cdb9ae5343b89517e300a2c6b) Importer(815301076,1909f56bfc062723c751e8b465ee728b)
Start importing Assets/Animator/New Folder 3 using Guid(8e55d94cdb9ae5343b89517e300a2c6b) Importer(815301076,1909f56bfc062723c751e8b465ee728b)  -> (artifact id: '35cfacfeb61c360c578dd9d274571729') in 0.009667 seconds 
========================================================================
Received Import Request.
  Time since last request: 3.927769 seconds.
  path: Assets/Animator/New Folder 4
  artifactKey: Guid(4f2a2d9ad8ac77e4892ac477f6dc963d) Importer(815301076,1909f56bfc062723c751e8b465ee728b)
Start importing Assets/Animator/New Folder 4 using Guid(4f2a2d9ad8ac77e4892ac477f6dc963d) Importer(815301076,1909f56bfc062723c751e8b465ee728b)  -> (artifact id: 'f24c373f135cf802bd6636f6de188194') in 0.008518 seconds 
========================================================================
Received Import Request.
  Time since last request: 45.186598 seconds.
  path: Assets/Instantiate & Destroy/prefab
  artifactKey: Guid(0ed5333d93a8c4b48922c5c777b20d3e) Importer(815301076,1909f56bfc062723c751e8b465ee728b)
Start importing Assets/Instantiate & Destroy/prefab using Guid(0ed5333d93a8c4b48922c5c777b20d3e) Importer(815301076,1909f56bfc062723c751e8b465ee728b)  -> (artifact id: 'd1e106c3c689cecc52162bb2be17249b') in 0.007618 seconds 
========================================================================
Received Import Request.
  Time since last request: 15.536884 seconds.
  path: Assets/Animator/Materials
  artifactKey: Guid(9f4a56b741ce01348a09706b574d8e70) Importer(815301076,1909f56bfc062723c751e8b465ee728b)
Start importing Assets/Animator/Materials using Guid(9f4a56b741ce01348a09706b574d8e70) Importer(815301076,1909f56bfc062723c751e8b465ee728b)  -> (artifact id: '7f1f8cee03952ea3c7eb171bf35866c9') in 0.009431 seconds 
========================================================================
Received Import Request.
  Time since last request: 1.943615 seconds.
  path: Assets/Animator/Materials/Orc Texture.mat
  artifactKey: Guid(d50acd03c3918db489f539f7852f8fd6) Importer(815301076,1909f56bfc062723c751e8b465ee728b)
Start importing Assets/Animator/Materials/Orc Texture.mat using Guid(d50acd03c3918db489f539f7852f8fd6) Importer(815301076,1909f56bfc062723c751e8b465ee728b)  -> (artifact id: '529ddec9bf485613903dbd5cdd8ed9b2') in 0.142712 seconds 
========================================================================
Received Import Request.
  Time since last request: 4.791805 seconds.
  path: Assets/Animator/model/Orc.fbx
  artifactKey: Guid(37935c6e766eeb242836441d4d7da115) Importer(815301076,1909f56bfc062723c751e8b465ee728b)
Start importing Assets/Animator/model/Orc.fbx using Guid(37935c6e766eeb242836441d4d7da115) Importer(815301076,1909f56bfc062723c751e8b465ee728b)  -> (artifact id: '62f8e7de9577027b2a0dcc85ca8f45b7') in 0.205998 seconds 
========================================================================
Received Import Request.
  Time since last request: 3.712255 seconds.
  path: Assets/Animator/prefab/Orc.prefab
  artifactKey: Guid(0e537df3cc105664781670847debc81b) Importer(815301076,1909f56bfc062723c751e8b465ee728b)
Start importing Assets/Animator/prefab/Orc.prefab using Guid(0e537df3cc105664781670847debc81b) Importer(815301076,1909f56bfc062723c751e8b465ee728b)  -> (artifact id: 'bc57498fd6f981f459c702230d1ecc82') in 0.034835 seconds 
========================================================================
Received Import Request.
  Time since last request: 5.404112 seconds.
  path: Assets/Animator/script/Create.cs
  artifactKey: Guid(f424b7bec52c05641be83aceeb35105b) Importer(815301076,1909f56bfc062723c751e8b465ee728b)
Start importing Assets/Animator/script/Create.cs using Guid(f424b7bec52c05641be83aceeb35105b) Importer(815301076,1909f56bfc062723c751e8b465ee728b)  -> (artifact id: 'd9570381a781929cc4a35454820affb1') in 0.007189 seconds 
========================================================================
Received Import Request.
  Time since last request: 5.422803 seconds.
  path: Assets/Animator/script/Delay.cs
  artifactKey: Guid(be118bf45eb2f1948b78a5e3b361bff7) Importer(815301076,1909f56bfc062723c751e8b465ee728b)
Start importing Assets/Animator/script/Delay.cs using Guid(be118bf45eb2f1948b78a5e3b361bff7) Importer(815301076,1909f56bfc062723c751e8b465ee728b)  -> (artifact id: 'eef633a99570686b2666912473de406f') in 0.002872 seconds 
========================================================================
Received Import Request.
  Time since last request: 5.145810 seconds.
  path: Assets/Animator/script/Delete.cs
  artifactKey: Guid(52b7a146f1e9f7c4a849a17c2a1b8a1c) Importer(815301076,1909f56bfc062723c751e8b465ee728b)
Start importing Assets/Animator/script/Delete.cs using Guid(52b7a146f1e9f7c4a849a17c2a1b8a1c) Importer(815301076,1909f56bfc062723c751e8b465ee728b)  -> (artifact id: '9aaee86927abb2a5ce284081e624d529') in 0.008694 seconds 
========================================================================
Received Prepare
Registering precompiled user dll's ...
Registered in 0.011342 seconds.
Begin MonoManager ReloadAssembly
Native extension for WindowsStandalone target not found
Native extension for WebGL target not found
Refreshing native plugins compatible for Editor in 0.61 ms, found 3 plugins.
Preloading 0 native plugins for Editor in 0.00 ms.
Mono: successfully reloaded assembly
- Completed reload, in  1.736 seconds
Domain Reload Profiling:
	ReloadAssembly (1737ms)
		BeginReloadAssembly (303ms)
			ExecutionOrderSort (0ms)
			DisableScriptedObjects (7ms)
			BackupInstance (0ms)
			ReleaseScriptingObjects (1ms)
			CreateAndSetChildDomain (75ms)
		EndReloadAssembly (1250ms)
			LoadAssemblies (210ms)
			RebuildTransferFunctionScriptingTraits (0ms)
			SetupTypeCache (456ms)
			ReleaseScriptCaches (2ms)
			RebuildScriptCaches (70ms)
			SetupLoadedEditorAssemblies (501ms)
				LogAssemblyErrors (0ms)
				InitializePlatformSupportModulesInManaged (23ms)
				SetLoadedEditorAssemblies (1ms)
				RefreshPlugins (1ms)
				BeforeProcessingInitializeOnLoad (119ms)
				ProcessInitializeOnLoadAttributes (317ms)
				ProcessInitializeOnLoadMethodAttributes (29ms)
				AfterProcessingInitializeOnLoad (12ms)
				EditorAssembliesLoaded (0ms)
			ExecutionOrderSort2 (0ms)
			AwakeInstancesAfterBackupRestoration (16ms)
Platform modules already initialized, skipping
Refreshing native plugins compatible for Editor in 2.22 ms, found 3 plugins.
Preloading 0 native plugins for Editor in 0.00 ms.
Unloading 3360 Unused Serialized files (Serialized files now loaded: 0)
Unloading 20 unused Assets / (80.1 KB). Loaded Objects now: 3925.
Memory consumption went from 145.5 MB to 145.4 MB.
Total: 7.860700 ms (FindLiveObjects: 0.433500 ms CreateObjectMapping: 0.290200 ms MarkObjects: 6.867000 ms  DeleteObjects: 0.268500 ms)

AssetImportParameters requested are different than current active one (requested -> active):
  custom:video-decoder-ogg-theora: a1e56fd34408186e4bbccfd4996cb3dc -> 
  custom:container-muxer-webm: aa71ff27fc2769a1b78a27578f13a17b -> 
  custom:container-demuxer-webm: 4f35f7cbe854078d1ac9338744f61a02 -> 
  custom:video-encoder-webm-vp8: eb34c28f22e8b96e1ab97ce403110664 -> 
  custom:audio-encoder-webm-vorbis: bf7c407c2cedff20999df2af8eb42d56 -> 
  custom:framework-win-MediaFoundation: 216162199b28c13a410421893ffa2e32 -> 
  custom:container-demuxer-ogg: 62fdf1f143b41e24485cea50d1cbac27 -> 
  custom:video-decoder-webm-vp8: 9c59270c3fd7afecdb556c50c9e8de78 -> 
  custom:audio-decoder-ogg-vorbis: bf7c407c2cedff20999df2af8eb42d56 -> 
========================================================================
Received Import Request.
  Time since last request: 11.186440 seconds.
  path: Assets/Animator/texture/Materials
  artifactKey: Guid(fb3aa60f2e8c9094ba293ddbc8395d29) Importer(815301076,1909f56bfc062723c751e8b465ee728b)
Start importing Assets/Animator/texture/Materials using Guid(fb3aa60f2e8c9094ba293ddbc8395d29) Importer(815301076,1909f56bfc062723c751e8b465ee728b)  -> (artifact id: '9201af5eee11fe02acff51f45c3ac74c') in 0.008340 seconds 
========================================================================
Received Import Request.
  Time since last request: 0.000028 seconds.
  path: Assets/Animator/texture/Orc Texture.png
  artifactKey: Guid(318d6feb1effe1840b85bc0bd9abb9b1) Importer(815301076,1909f56bfc062723c751e8b465ee728b)
Start importing Assets/Animator/texture/Orc Texture.png using Guid(318d6feb1effe1840b85bc0bd9abb9b1) Importer(815301076,1909f56bfc062723c751e8b465ee728b)  -> (artifact id: '97bc433919f328fdb9ff0e1f3f3fbec4') in 0.056761 seconds 
========================================================================
Received Import Request.
  Time since last request: 7.333066 seconds.
  path: Assets/first class/NewLayer 1.terrainlayer
  artifactKey: Guid(c59d641ccd0efcc44a033a97009bc3c0) Importer(815301076,1909f56bfc062723c751e8b465ee728b)
Start importing Assets/first class/NewLayer 1.terrainlayer using Guid(c59d641ccd0efcc44a033a97009bc3c0) Importer(815301076,1909f56bfc062723c751e8b465ee728b)  -> (artifact id: '94be7b8ce46e90e4e4d2423741a2ffca') in 0.061065 seconds 
========================================================================
Received Import Request.
  Time since last request: 14.440230 seconds.
  path: Assets/Animator/scene
  artifactKey: Guid(fb92b14b13724744d876fb24c4ef59c3) Importer(815301076,1909f56bfc062723c751e8b465ee728b)
Start importing Assets/Animator/scene using Guid(fb92b14b13724744d876fb24c4ef59c3) Importer(815301076,1909f56bfc062723c751e8b465ee728b)  -> (artifact id: '5e21e09998d0d2f90361cf68250e6651') in 0.009603 seconds 
========================================================================
Received Import Request.
  Time since last request: 17.706422 seconds.
  path: Assets/Animator/scene/Animator.unity
  artifactKey: Guid(1dc1a7aea14573f42840db0389682ff2) Importer(815301076,1909f56bfc062723c751e8b465ee728b)
Start importing Assets/Animator/scene/Animator.unity using Guid(1dc1a7aea14573f42840db0389682ff2) Importer(815301076,1909f56bfc062723c751e8b465ee728b)  -> (artifact id: 'e35541671e1bf760af7c16d3ca7434a8') in 0.008432 seconds 
========================================================================
Received Import Request.
  Time since last request: 8.734322 seconds.
  path: Assets/Animator/texture
  artifactKey: Guid(cc25445be079d9f4ea380fcc88affb09) Importer(815301076,1909f56bfc062723c751e8b465ee728b)
Start importing Assets/Animator/texture using Guid(cc25445be079d9f4ea380fcc88affb09) Importer(815301076,1909f56bfc062723c751e8b465ee728b)  -> (artifact id: '4970156aaa1c336c92bdb37667f7d41f') in 0.009555 seconds 
========================================================================
Received Prepare
Registering precompiled user dll's ...
Registered in 0.011180 seconds.
Begin MonoManager ReloadAssembly
Native extension for WindowsStandalone target not found
Native extension for WebGL target not found
Refreshing native plugins compatible for Editor in 1.01 ms, found 3 plugins.
Preloading 0 native plugins for Editor in 0.00 ms.
Mono: successfully reloaded assembly
- Completed reload, in  1.646 seconds
Domain Reload Profiling:
	ReloadAssembly (1647ms)
		BeginReloadAssembly (208ms)
			ExecutionOrderSort (0ms)
			DisableScriptedObjects (9ms)
			BackupInstance (0ms)
			ReleaseScriptingObjects (0ms)
			CreateAndSetChildDomain (48ms)
		EndReloadAssembly (1252ms)
			LoadAssemblies (154ms)
			RebuildTransferFunctionScriptingTraits (0ms)
			SetupTypeCache (455ms)
			ReleaseScriptCaches (1ms)
			RebuildScriptCaches (80ms)
			SetupLoadedEditorAssemblies (498ms)
				LogAssemblyErrors (0ms)
				InitializePlatformSupportModulesInManaged (22ms)
				SetLoadedEditorAssemblies (1ms)
				RefreshPlugins (1ms)
				BeforeProcessingInitializeOnLoad (92ms)
				ProcessInitializeOnLoadAttributes (328ms)
				ProcessInitializeOnLoadMethodAttributes (38ms)
				AfterProcessingInitializeOnLoad (16ms)
				EditorAssembliesLoaded (0ms)
			ExecutionOrderSort2 (0ms)
			AwakeInstancesAfterBackupRestoration (23ms)
Platform modules already initialized, skipping
Refreshing native plugins compatible for Editor in 3.71 ms, found 3 plugins.
Preloading 0 native plugins for Editor in 0.00 ms.
Unloading 3360 Unused Serialized files (Serialized files now loaded: 0)
Unloading 20 unused Assets / (80.2 KB). Loaded Objects now: 3932.
Memory consumption went from 145.6 MB to 145.5 MB.
Total: 4.124500 ms (FindLiveObjects: 0.447600 ms CreateObjectMapping: 0.295100 ms MarkObjects: 3.250400 ms  DeleteObjects: 0.130200 ms)

AssetImportParameters requested are different than current active one (requested -> active):
  custom:video-decoder-ogg-theora: a1e56fd34408186e4bbccfd4996cb3dc -> 
  custom:container-muxer-webm: aa71ff27fc2769a1b78a27578f13a17b -> 
  custom:container-demuxer-webm: 4f35f7cbe854078d1ac9338744f61a02 -> 
  custom:video-encoder-webm-vp8: eb34c28f22e8b96e1ab97ce403110664 -> 
  custom:audio-encoder-webm-vorbis: bf7c407c2cedff20999df2af8eb42d56 -> 
  custom:framework-win-MediaFoundation: 216162199b28c13a410421893ffa2e32 -> 
  custom:container-demuxer-ogg: 62fdf1f143b41e24485cea50d1cbac27 -> 
  custom:video-decoder-webm-vp8: 9c59270c3fd7afecdb556c50c9e8de78 -> 
  custom:audio-decoder-ogg-vorbis: bf7c407c2cedff20999df2af8eb42d56 -> 
========================================================================
Received Import Request.
  Time since last request: 67.056902 seconds.
  path: Assets/first class/scene/SampleScene.unity
  artifactKey: Guid(9fc0d4010bbf28b4594072e72b8655ab) Importer(815301076,1909f56bfc062723c751e8b465ee728b)
Start importing Assets/first class/scene/SampleScene.unity using Guid(9fc0d4010bbf28b4594072e72b8655ab) Importer(815301076,1909f56bfc062723c751e8b465ee728b)  -> (artifact id: '2f4ff3ce90c3d2f3c1cd8f09c0a4e204') in 0.017271 seconds 
========================================================================
Received Import Request.
  Time since last request: 12.413905 seconds.
  path: Assets/Instantiate & Destroy/scene/example sence.unity
  artifactKey: Guid(5ae7072b3b920b249a5b2312442dc944) Importer(815301076,1909f56bfc062723c751e8b465ee728b)
Start importing Assets/Instantiate & Destroy/scene/example sence.unity using Guid(5ae7072b3b920b249a5b2312442dc944) Importer(815301076,1909f56bfc062723c751e8b465ee728b)  -> (artifact id: '86472d60284041cd80677d9d73fefcef') in 0.011111 seconds 
========================================================================
Received Import Request.
  Time since last request: 55.031331 seconds.
  path: Assets/Animator/scene/Animator.unity
  artifactKey: Guid(1dc1a7aea14573f42840db0389682ff2) Importer(815301076,1909f56bfc062723c751e8b465ee728b)
Start importing Assets/Animator/scene/Animator.unity using Guid(1dc1a7aea14573f42840db0389682ff2) Importer(815301076,1909f56bfc062723c751e8b465ee728b)  -> (artifact id: '850f2f4d3d81fdd624414801da4ec687') in 0.003505 seconds 
========================================================================
Received Import Request.
  Time since last request: 518.197069 seconds.
  path: Assets/Animator/model/Ch06_nonPBR.fbx
  artifactKey: Guid(4ae7d96d5788ac548b7bd5bd381ddced) Importer(815301076,1909f56bfc062723c751e8b465ee728b)
Start importing Assets/Animator/model/Ch06_nonPBR.fbx using Guid(4ae7d96d5788ac548b7bd5bd381ddced) Importer(815301076,1909f56bfc062723c751e8b465ee728b)  -> (artifact id: '860f99c9c83471b6d28dc56181c3293c') in 0.810928 seconds 
========================================================================
Received Import Request.
  Time since last request: 228.351957 seconds.
  path: Assets/Animator/model/Ch06_nonPBR.fbx
  artifactKey: Guid(4ae7d96d5788ac548b7bd5bd381ddced) Importer(815301076,1909f56bfc062723c751e8b465ee728b)
Start importing Assets/Animator/model/Ch06_nonPBR.fbx using Guid(4ae7d96d5788ac548b7bd5bd381ddced) Importer(815301076,1909f56bfc062723c751e8b465ee728b)  -> (artifact id: 'cef3fd1f3f4487d599df986d91563d11') in 0.630586 seconds 
========================================================================
Received Import Request.
  Time since last request: 1.734721 seconds.
  path: Assets/Animator/model/Ch06_nonPBR.fbx
  artifactKey: Guid(4ae7d96d5788ac548b7bd5bd381ddced) Importer(815301076,1909f56bfc062723c751e8b465ee728b)
Start importing Assets/Animator/model/Ch06_nonPBR.fbx using Guid(4ae7d96d5788ac548b7bd5bd381ddced) Importer(815301076,1909f56bfc062723c751e8b465ee728b)  -> (artifact id: '73d03f9cde1e7142c3fe950f6d71bdb7') in 0.093484 seconds 
========================================================================
Received Import Request.
  Time since last request: 1.923636 seconds.
  path: Assets/Animator/texture/Ch06_1001_Diffuse.png
  artifactKey: Guid(c41d602ed4bf66e42b1b45b4c265614d) Importer(815301076,1909f56bfc062723c751e8b465ee728b)
Start importing Assets/Animator/texture/Ch06_1001_Diffuse.png using Guid(c41d602ed4bf66e42b1b45b4c265614d) Importer(815301076,1909f56bfc062723c751e8b465ee728b)  -> (artifact id: '62450617b9fe48c9b28b7f8ca0191769') in 0.025932 seconds 
========================================================================
Received Import Request.
  Time since last request: 0.000048 seconds.
  path: Assets/Animator/texture/Ch06_1001_Specular.png
  artifactKey: Guid(cb4f129d29da83240870844f9d40ac8f) Importer(815301076,1909f56bfc062723c751e8b465ee728b)
Start importing Assets/Animator/texture/Ch06_1001_Specular.png using Guid(cb4f129d29da83240870844f9d40ac8f) Importer(815301076,1909f56bfc062723c751e8b465ee728b)  -> (artifact id: '3ba57fc710d3adde047363b611bc0e21') in 0.021996 seconds 
========================================================================
Received Import Request.
  Time since last request: 0.000034 seconds.
  path: Assets/Animator/texture/Ch06_1002_Specular.png
  artifactKey: Guid(01cad4b8f12bc1e44962b6145fdac47d) Importer(815301076,1909f56bfc062723c751e8b465ee728b)
Start importing Assets/Animator/texture/Ch06_1002_Specular.png using Guid(01cad4b8f12bc1e44962b6145fdac47d) Importer(815301076,1909f56bfc062723c751e8b465ee728b)  -> (artifact id: '64e84f1ca6b4d598664a25ab0c5708f1') in 0.018904 seconds 
========================================================================
Received Import Request.
  Time since last request: 0.000021 seconds.
  path: Assets/Animator/texture/Ch06_1001_Normal.png
  artifactKey: Guid(291682dea572bdc428cd61d5db8dd169) Importer(815301076,1909f56bfc062723c751e8b465ee728b)
Start importing Assets/Animator/texture/Ch06_1001_Normal.png using Guid(291682dea572bdc428cd61d5db8dd169) Importer(815301076,1909f56bfc062723c751e8b465ee728b)  -> (artifact id: '21345f5b19d3436de46e5c250fa744cc') in 0.030368 seconds 
========================================================================
Received Import Request.
  Time since last request: 0.000048 seconds.
  path: Assets/Animator/texture/Ch06_1002_Diffuse.png
  artifactKey: Guid(c85b4917c2ad42b4ba03f841a9b222f8) Importer(815301076,1909f56bfc062723c751e8b465ee728b)
Start importing Assets/Animator/texture/Ch06_1002_Diffuse.png using Guid(c85b4917c2ad42b4ba03f841a9b222f8) Importer(815301076,1909f56bfc062723c751e8b465ee728b)  -> (artifact id: '361b5262c45529fea2001aaafe634f20') in 0.023563 seconds 
